2017-04-12 08:13:04,526 INFO  controller.IndexController - 取得的用户名为：222222
2017-04-12 08:13:04,589 INFO  impl.AbstractPoolBackedDataSource - Initializing c3p0 pool... com.mchange.v2.c3p0.ComboPooledDataSource [ acquireIncrement -> 3, acquireRetryAttempts -> 30, acquireRetryDelay -> 1000, autoCommitOnClose -> false, automaticTestTable -> null, breakAfterAcquireFailure -> true, checkoutTimeout -> 0, connectionCustomizerClassName -> null, connectionTesterClassName -> com.mchange.v2.c3p0.impl.DefaultConnectionTester, dataSourceName -> 2yy8s19nqhzcn4nkdfe5|1331036c, debugUnreturnedConnectionStackTraces -> false, description -> null, driverClass -> com.mysql.jdbc.Driver, factoryClassLocation -> null, forceIgnoreUnresolvedTransactions -> false, identityToken -> 2yy8s19nqhzcn4nkdfe5|1331036c, idleConnectionTestPeriod -> 60, initialPoolSize -> 10, jdbcUrl -> jdbc:mysql://localhost:3306/type, maxAdministrativeTaskTime -> 0, maxConnectionAge -> 0, maxIdleTime -> 1800, maxIdleTimeExcessConnections -> 0, maxPoolSize -> 100, maxStatements -> 1000, maxStatementsPerConnection -> 0, minPoolSize -> 10, numHelperThreads -> 3, numThreadsAwaitingCheckoutDefaultUser -> 0, preferredTestQuery -> null, properties -> {user=******, password=******}, propertyCycle -> 0, testConnectionOnCheckin -> false, testConnectionOnCheckout -> false, unreturnedConnectionTimeout -> 0, usesTraditionalReflectiveProxies -> false ]
2017-04-12 08:13:06,065 INFO  controller.IndexController - loginVolidate取得的用户名和密码为：222222,1
2017-04-12 08:13:06,222 INFO  controller.IndexController - loginVolidate取得的用户名和密码为：222222,11
2017-04-12 08:13:07,238 INFO  controller.IndexController - loginVolidate取得的用户名和密码为：222222,111
2017-04-12 08:54:53,384 INFO  controller.IndexController - 取得的用户名为：2
2017-04-12 08:54:53,440 INFO  impl.AbstractPoolBackedDataSource - Initializing c3p0 pool... com.mchange.v2.c3p0.ComboPooledDataSource [ acquireIncrement -> 3, acquireRetryAttempts -> 30, acquireRetryDelay -> 1000, autoCommitOnClose -> false, automaticTestTable -> null, breakAfterAcquireFailure -> true, checkoutTimeout -> 0, connectionCustomizerClassName -> null, connectionTesterClassName -> com.mchange.v2.c3p0.impl.DefaultConnectionTester, dataSourceName -> 2yy8s19nqjgvyzj6pczr|463f52b3, debugUnreturnedConnectionStackTraces -> false, description -> null, driverClass -> com.mysql.jdbc.Driver, factoryClassLocation -> null, forceIgnoreUnresolvedTransactions -> false, identityToken -> 2yy8s19nqjgvyzj6pczr|463f52b3, idleConnectionTestPeriod -> 60, initialPoolSize -> 10, jdbcUrl -> jdbc:mysql://localhost:3306/type, maxAdministrativeTaskTime -> 0, maxConnectionAge -> 0, maxIdleTime -> 1800, maxIdleTimeExcessConnections -> 0, maxPoolSize -> 100, maxStatements -> 1000, maxStatementsPerConnection -> 0, minPoolSize -> 10, numHelperThreads -> 3, numThreadsAwaitingCheckoutDefaultUser -> 0, preferredTestQuery -> null, properties -> {user=******, password=******}, propertyCycle -> 0, testConnectionOnCheckin -> false, testConnectionOnCheckout -> false, unreturnedConnectionTimeout -> 0, usesTraditionalReflectiveProxies -> false ]
2017-04-12 08:54:53,554 INFO  controller.IndexController - 取得的用户名为：22
2017-04-12 08:54:54,170 INFO  controller.IndexController - 取得的用户名为：222222
2017-04-12 08:54:55,281 INFO  controller.IndexController - loginVolidate取得的用户名和密码为：222222,1
2017-04-12 08:54:55,552 INFO  controller.IndexController - loginVolidate取得的用户名和密码为：222222,11
2017-04-12 08:54:55,720 INFO  controller.IndexController - loginVolidate取得的用户名和密码为：222222,111
2017-04-12 08:54:56,170 INFO  controller.IndexController - login取得的用户名和密码为：222222,111
2017-04-12 08:55:12,848 INFO  controller.IndexController - 取得的用户名为：d
2017-04-12 08:55:12,986 INFO  controller.IndexController - 取得的用户名为：dd
2017-04-12 08:55:13,712 INFO  controller.IndexController - 取得的用户名为：dd
2017-04-12 08:55:14,167 INFO  controller.IndexController - loginVolidate取得的用户名和密码为：dd,d
2017-04-12 08:55:14,700 INFO  controller.IndexController - login取得的用户名和密码为：dd,d
2017-04-12 08:55:27,428 INFO  websocket.WebsocketEndPoint - connect to the websocket success......
2017-04-12 08:55:51,676 INFO  websocket.WebsocketEndPoint - websocket connection closed......
2017-04-12 08:55:59,275 INFO  controller.IndexController - loginVolidate取得的用户名和密码为：222222,1
2017-04-12 08:55:59,400 INFO  controller.IndexController - loginVolidate取得的用户名和密码为：222222,11
2017-04-12 08:55:59,948 INFO  controller.IndexController - loginVolidate取得的用户名和密码为：222222,111
2017-04-12 08:56:00,360 INFO  controller.IndexController - 取得的用户名为：222222
2017-04-12 08:56:00,377 INFO  controller.IndexController - login取得的用户名和密码为：222222,111
2017-04-12 08:56:05,521 INFO  websocket.WebsocketEndPoint - connect to the websocket success......
2017-04-12 08:56:05,523 INFO  service.WebSocketService - 匹配结果---UserMatch{userMatchId='149195856552282', letterQueue=[R, D, M, L, D, A, O, I, U, M, O, T, C, S, F, Q, W, J, T, L, P, C, T, T, C, U, E, B, X, M, D, V, F, H, D, C, X, Z, V, I, Y, Y, U, V, B, V, I, M, N, E, U, S, X, S, N, Y, J, Q, B, N, H, M, W, D, B, H, M, A, L, D, S, Z, Y, V, R, L, C, I, D, W, N, G, T, D, S, G, J, Y, A, M, L, V, O, I, H, E, D, M, U, D], countLetter=100, userWebSocket1=UserWebSocket{userName='dd', session=StandardWebSocketSession[id=0, uri=/websocket], state=1, score=0, opponent=null}, userWebSocket2=UserWebSocket{userName='222222', session=StandardWebSocketSession[id=1, uri=/websocket], state=1, score=0, opponent=null}}
2017-04-12 08:56:16,007 INFO  websocket.WebsocketEndPoint - websocket connection closed......
2017-04-12 08:56:16,038 INFO  websocket.WebsocketEndPoint - connect to the websocket success......
2017-04-12 08:56:28,674 INFO  websocket.WebsocketEndPoint - connect to the websocket success......
2017-04-12 08:56:28,675 INFO  service.WebSocketService - 匹配结果---UserMatch{userMatchId='149195858867586', letterQueue=[K, X, O, K, C, N, M, R, F, A, B, U, C, H, A, T, N, D, X, C, I, C, E, A, E, D, M, S, B, O, P, F, R, V, E, F, M, Z, H, U, K, J, W, R, D, O, Z, L, O, C, S, R, V, F, F, R, F, T, R, D, E, L, H, E, E, C, M, Q, L, D, K, E, P, C, U, E, D, N, C, U, A, G, B, I, H, G, D, C, M, J, M, B, H, J, V, P, G, O, Z, Z], countLetter=100, userWebSocket1=UserWebSocket{userName='222222', session=StandardWebSocketSession[id=2, uri=/websocket], state=1, score=0, opponent=null}, userWebSocket2=UserWebSocket{userName='222222', session=StandardWebSocketSession[id=3, uri=/websocket], state=1, score=0, opponent=null}}
2017-04-12 08:57:03,114 INFO  websocket.WebsocketEndPoint - websocket connection closed......
2017-04-12 08:57:05,586 INFO  websocket.WebsocketEndPoint - websocket connection closed......
2017-04-12 08:57:14,465 INFO  controller.IndexController - 取得的用户名为：2
2017-04-12 08:57:14,594 INFO  controller.IndexController - 取得的用户名为：22
2017-04-12 08:57:14,717 INFO  controller.IndexController - 取得的用户名为：222
2017-04-12 08:57:15,664 INFO  controller.IndexController - 取得的用户名为：222222
2017-04-12 08:57:17,403 INFO  controller.IndexController - loginVolidate取得的用户名和密码为：222222,1
2017-04-12 08:57:17,546 INFO  controller.IndexController - loginVolidate取得的用户名和密码为：222222,11
2017-04-12 08:57:17,666 INFO  controller.IndexController - loginVolidate取得的用户名和密码为：222222,111
2017-04-12 08:57:18,733 INFO  controller.IndexController - login取得的用户名和密码为：222222,111
2017-04-12 08:57:30,649 INFO  controller.IndexController - 取得的用户名为：d
2017-04-12 08:57:30,761 INFO  controller.IndexController - 取得的用户名为：dd
2017-04-12 08:57:32,172 INFO  controller.IndexController - 取得的用户名为：dd
2017-04-12 08:57:33,217 INFO  controller.IndexController - loginVolidate取得的用户名和密码为：dd,d
2017-04-12 08:57:33,986 INFO  controller.IndexController - login取得的用户名和密码为：dd,d
2017-04-12 08:57:45,372 INFO  websocket.WebsocketEndPoint - connect to the websocket success......
2017-04-12 08:57:49,461 INFO  websocket.WebsocketEndPoint - connect to the websocket success......
2017-04-12 08:57:49,461 INFO  service.WebSocketService - 匹配结果---UserMatch{userMatchId='149195866946143', letterQueue=[E, E, E, B, M, O, U, J, L, G, U, A, Z, U, I, A, V, F, W, R, K, C, H, U, X, C, Z, Z, X, P, B, A, M, D, P, N, Y, F, T, P, N, N, G, R, R, G, Z, T, V, S, G, I, T, P, N, U, Y, O, A, T, B, X, Y, D, W, Z, B, G, V, E, V, F, F, T, O, H, H, N, T, F, O, T, Y, E, C, R, M, V, N, N, T, Y, U, A, A, S, J, X, T, B], countLetter=100, userWebSocket1=UserWebSocket{userName='dd', session=StandardWebSocketSession[id=4, uri=/websocket], state=1, score=0, opponent=null}, userWebSocket2=UserWebSocket{userName='dd', session=StandardWebSocketSession[id=5, uri=/websocket], state=1, score=0, opponent=null}}
2017-04-12 08:58:34,760 INFO  websocket.WebsocketEndPoint - websocket connection closed......
2017-04-12 08:58:38,804 INFO  controller.IndexController - 取得的用户名为：d
2017-04-12 08:58:38,912 INFO  controller.IndexController - 取得的用户名为：dd
2017-04-12 08:58:39,689 INFO  controller.IndexController - 取得的用户名为：dd
2017-04-12 08:58:41,181 INFO  controller.IndexController - loginVolidate取得的用户名和密码为：dd,6
2017-04-12 08:58:42,173 INFO  controller.IndexController - loginVolidate取得的用户名和密码为：dd,d
2017-04-12 08:58:43,164 INFO  controller.IndexController - login取得的用户名和密码为：dd,d
2017-04-12 08:59:01,817 INFO  websocket.WebsocketEndPoint - websocket connection closed......
2017-04-12 08:59:09,846 INFO  controller.IndexController - 取得的用户名为：2
2017-04-12 08:59:09,982 INFO  controller.IndexController - 取得的用户名为：22
2017-04-12 08:59:10,122 INFO  controller.IndexController - 取得的用户名为：222
2017-04-12 08:59:11,473 INFO  controller.IndexController - 取得的用户名为：222222
2017-04-12 08:59:12,447 INFO  controller.IndexController - loginVolidate取得的用户名和密码为：222222,2
2017-04-12 08:59:12,567 INFO  controller.IndexController - loginVolidate取得的用户名和密码为：222222,22
2017-04-12 08:59:14,079 INFO  controller.IndexController - loginVolidate取得的用户名和密码为：222222,2
2017-04-12 08:59:14,799 INFO  controller.IndexController - loginVolidate取得的用户名和密码为：222222,1
2017-04-12 08:59:15,008 INFO  controller.IndexController - loginVolidate取得的用户名和密码为：222222,11
2017-04-12 08:59:15,270 INFO  controller.IndexController - loginVolidate取得的用户名和密码为：222222,111
2017-04-12 08:59:16,489 INFO  controller.IndexController - login取得的用户名和密码为：222222,111
2017-04-12 08:59:26,302 INFO  websocket.WebsocketEndPoint - connect to the websocket success......
2017-04-12 08:59:33,190 INFO  websocket.WebsocketEndPoint - connect to the websocket success......
2017-04-12 08:59:33,190 INFO  service.WebSocketService - 匹配结果---UserMatch{userMatchId='149195877319039', letterQueue=[S, M, Q, V, D, A, K, P, P, G, R, N, A, Y, L, W, T, F, L, L, U, S, T, W, V, L, L, B, A, R, Y, R, Z, C, T, W, X, D, V, U, G, W, Z, M, E, Y, E, B, J, L, P, G, C, Z, R, V, S, A, J, C, C, A, I, H, L, F, L, Z, E, R, P, V, C, C, E, R, G, P, M, Z, I, A, Y, D, V, U, C, T, K, O, H, J, E, C, D, Z, Q, O, R, E], countLetter=100, userWebSocket1=UserWebSocket{userName='222222', session=StandardWebSocketSession[id=6, uri=/websocket], state=1, score=0, opponent=null}, userWebSocket2=UserWebSocket{userName='222222', session=StandardWebSocketSession[id=7, uri=/websocket], state=1, score=0, opponent=null}}
2017-04-12 09:00:28,456 INFO  websocket.WebsocketEndPoint - websocket connection closed......
2017-04-12 09:02:45,153 INFO  websocket.WebsocketEndPoint - websocket connection closed......
2017-04-12 09:10:00,115 INFO  controller.IndexController - 取得的用户名为：2
2017-04-12 09:10:00,241 INFO  controller.IndexController - 取得的用户名为：22
2017-04-12 09:10:01,117 INFO  controller.IndexController - 取得的用户名为：222222
2017-04-12 09:10:02,582 INFO  controller.IndexController - loginVolidate取得的用户名和密码为：222222,1
2017-04-12 09:10:02,708 INFO  controller.IndexController - loginVolidate取得的用户名和密码为：222222,11
2017-04-12 09:10:03,606 INFO  controller.IndexController - loginVolidate取得的用户名和密码为：222222,111
2017-04-12 09:10:04,370 INFO  controller.IndexController - login取得的用户名和密码为：222222,111
2017-04-12 09:10:09,070 INFO  controller.IndexController - 取得的用户名为：2
2017-04-12 09:10:09,215 INFO  controller.IndexController - 取得的用户名为：22
2017-04-12 09:10:09,370 INFO  controller.IndexController - 取得的用户名为：222
2017-04-12 09:10:10,640 INFO  controller.IndexController - 取得的用户名为：22
2017-04-12 09:10:10,800 INFO  controller.IndexController - 取得的用户名为：2
2017-04-12 09:10:11,632 INFO  controller.IndexController - 取得的用户名为：d
2017-04-12 09:10:11,744 INFO  controller.IndexController - 取得的用户名为：dd
2017-04-12 09:10:12,570 INFO  controller.IndexController - 取得的用户名为：dd
2017-04-12 09:10:13,965 INFO  controller.IndexController - loginVolidate取得的用户名和密码为：dd,d
2017-04-12 09:10:14,816 INFO  controller.IndexController - login取得的用户名和密码为：dd,d
2017-04-12 09:10:30,242 INFO  websocket.WebsocketEndPoint - connect to the websocket success......
2017-04-12 09:10:39,845 INFO  websocket.WebsocketEndPoint - websocket connection closed......
2017-04-12 09:10:59,392 INFO  websocket.WebsocketEndPoint - connect to the websocket success......
2017-04-12 09:10:59,392 INFO  service.WebSocketService - 匹配结果---UserMatch{userMatchId='149195945939203', letterQueue=[X, T, M, G, Z, F, C, P, N, H, M, Q, Z, F, T, K, I, W, C, Q, D, Q, W, Q, H, N, O, F, K, S, T, O, L, Q, J, B, R, Q, S, E, C, U, Q, C, I, H, X, T, W, L, Z, M, L, F, E, B, C, L, J, B, P, V, H, K, L, Q, D, U, U, R, D, X, E, U, A, C, R, F, W, D, G, Y, D, P, C, O, H, X, H, H, U, O, O, Y, U, X, A, Y, K, D], countLetter=100, userWebSocket1=UserWebSocket{userName='dd', session=StandardWebSocketSession[id=8, uri=/websocket], state=1, score=0, opponent=null}, userWebSocket2=UserWebSocket{userName='null', session=StandardWebSocketSession[id=9, uri=/websocket], state=1, score=0, opponent=null}}
2017-04-12 09:11:16,339 INFO  websocket.WebsocketEndPoint - websocket connection closed......
2017-04-12 09:11:16,373 INFO  websocket.WebsocketEndPoint - connect to the websocket success......
2017-04-12 09:11:24,352 INFO  websocket.WebsocketEndPoint - connect to the websocket success......
2017-04-12 09:11:24,352 INFO  service.WebSocketService - 匹配结果---UserMatch{userMatchId='149195948435272', letterQueue=[W, J, D, B, Q, K, S, E, W, H, M, D, D, Q, T, G, B, R, L, U, J, T, K, V, K, Q, V, G, O, G, I, D, L, J, L, Q, Z, Y, G, I, P, G, S, U, C, L, Y, Z, C, B, A, K, E, D, M, T, P, H, J, Z, Y, Q, K, F, U, X, H, E, E, S, G, D, M, F, R, M, E, L, R, M, I, J, O, S, X, V, G, Y, N, A, C, Q, Z, F, I, J, N, O, H, M], countLetter=100, userWebSocket1=UserWebSocket{userName='null', session=StandardWebSocketSession[id=a, uri=/websocket], state=1, score=0, opponent=null}, userWebSocket2=UserWebSocket{userName='null', session=StandardWebSocketSession[id=b, uri=/websocket], state=1, score=0, opponent=null}}
2017-04-12 09:13:24,083 INFO  websocket.WebsocketEndPoint - websocket connection closed......
2017-04-12 09:13:24,124 INFO  websocket.WebsocketEndPoint - connect to the websocket success......
2017-04-12 09:13:30,591 INFO  websocket.WebsocketEndPoint - websocket connection closed......
2017-04-12 09:13:30,622 INFO  websocket.WebsocketEndPoint - connect to the websocket success......
2017-04-12 09:13:30,623 INFO  service.WebSocketService - 匹配结果---UserMatch{userMatchId='149195961062354', letterQueue=[G, W, K, P, N, H, Z, C, E, H, D, S, P, S, C, B, I, T, U, W, O, N, G, S, O, P, N, X, P, L, S, W, S, Q, N, Y, M, F, K, X, H, L, D, G, D, D, H, C, Y, M, J, F, S, K, Y, I, J, F, I, N, C, J, B, U, J, J, D, C, B, E, N, B, N, T, K, Z, A, S, L, D, C, B, X, W, E, U, V, J, P, C, H, T, G, L, U, A, E, X, A, Y], countLetter=100, userWebSocket1=UserWebSocket{userName='null', session=StandardWebSocketSession[id=c, uri=/websocket], state=1, score=0, opponent=null}, userWebSocket2=UserWebSocket{userName='null', session=StandardWebSocketSession[id=d, uri=/websocket], state=1, score=0, opponent=null}}
2017-04-12 09:14:26,896 INFO  websocket.WebsocketEndPoint - websocket connection closed......
2017-04-12 09:14:26,931 INFO  websocket.WebsocketEndPoint - connect to the websocket success......
2017-04-12 09:14:30,757 INFO  websocket.WebsocketEndPoint - websocket connection closed......
2017-04-12 09:14:30,789 INFO  websocket.WebsocketEndPoint - connect to the websocket success......
2017-04-12 09:14:30,789 INFO  service.WebSocketService - 匹配结果---UserMatch{userMatchId='149195967078919', letterQueue=[Y, K, H, F, E, Z, B, N, N, A, C, I, B, E, T, L, Z, A, J, E, U, I, I, O, S, W, S, I, F, K, P, W, T, Y, S, S, N, L, F, Z, E, F, I, R, Q, S, Q, W, Z, M, Y, F, H, F, Z, C, O, N, Y, I, L, A, P, O, D, N, D, Z, G, V, R, G, U, F, V, N, W, H, N, U, H, F, X, A, V, E, P, N, T, O, C, G, A, B, O, B, Y, W, T, Y], countLetter=100, userWebSocket1=UserWebSocket{userName='null', session=StandardWebSocketSession[id=e, uri=/websocket], state=1, score=0, opponent=null}, userWebSocket2=UserWebSocket{userName='null', session=StandardWebSocketSession[id=f, uri=/websocket], state=1, score=0, opponent=null}}
2017-04-12 09:16:49,903 INFO  websocket.WebsocketEndPoint - websocket connection closed......
2017-04-12 09:16:49,942 INFO  websocket.WebsocketEndPoint - connect to the websocket success......
2017-04-12 09:16:51,962 INFO  websocket.WebsocketEndPoint - websocket connection closed......
2017-04-12 09:16:51,993 INFO  websocket.WebsocketEndPoint - connect to the websocket success......
2017-04-12 09:16:51,994 INFO  service.WebSocketService - 匹配结果---UserMatch{userMatchId='149195981199374', letterQueue=[J, P, H, C, O, A, V, U, I, A, Z, F, P, K, D, G, J, V, U, C, Q, U, D, S, D, R, U, R, T, W, S, T, U, G, E, M, E, U, D, B, H, N, Z, P, I, W, G, W, Q, K, Y, L, H, Q, P, A, S, H, Z, H, Y, Z, S, X, Y, U, G, H, E, Q, D, K, C, Z, W, E, Q, I, P, T, E, R, N, Z, G, P, K, K, E, R, O, F, W, E, Y, V, V, Z, D, Q], countLetter=100, userWebSocket1=UserWebSocket{userName='null', session=StandardWebSocketSession[id=10, uri=/websocket], state=1, score=0, opponent=null}, userWebSocket2=UserWebSocket{userName='null', session=StandardWebSocketSession[id=11, uri=/websocket], state=1, score=0, opponent=null}}
2017-04-12 09:27:33,999 INFO  websocket.WebsocketEndPoint - websocket connection closed......
2017-04-12 09:27:34,027 INFO  websocket.WebsocketEndPoint - connect to the websocket success......
2017-04-12 09:27:35,067 INFO  websocket.WebsocketEndPoint - websocket connection closed......
2017-04-12 09:27:35,111 INFO  websocket.WebsocketEndPoint - connect to the websocket success......
2017-04-12 09:27:35,112 INFO  service.WebSocketService - 匹配结果---UserMatch{userMatchId='149196045511136', letterQueue=[U, W, Y, G, U, T, D, R, O, V, T, Y, F, M, Z, C, N, W, W, A, E, L, O, F, R, M, F, Q, N, E, G, V, O, F, J, I, A, O, T, P, A, T, A, N, A, R, A, M, W, R, N, S, X, F, X, X, P, Y, R, V, H, S, T, Y, W, K, K, Q, O, P, S, U, K, N, Y, F, F, N, P, B, F, T, D, H, T, P, T, R, M, Z, L, M, M, L, T, S, A, F, K, L], countLetter=100, userWebSocket1=UserWebSocket{userName='null', session=StandardWebSocketSession[id=12, uri=/websocket], state=1, score=0, opponent=null}, userWebSocket2=UserWebSocket{userName='null', session=StandardWebSocketSession[id=13, uri=/websocket], state=1, score=0, opponent=null}}
2017-04-12 09:28:26,122 INFO  websocket.WebsocketEndPoint - websocket connection closed......
2017-04-12 09:28:26,157 INFO  websocket.WebsocketEndPoint - connect to the websocket success......
2017-04-12 09:28:30,998 INFO  websocket.WebsocketEndPoint - websocket connection closed......
2017-04-12 09:28:31,042 INFO  websocket.WebsocketEndPoint - connect to the websocket success......
2017-04-12 09:28:31,043 INFO  service.WebSocketService - 匹配结果---UserMatch{userMatchId='149196051104307', letterQueue=[R, I, P, Q, I, P, Q, D, U, S, M, T, O, X, H, I, C, Q, D, M, L, R, W, A, H, U, P, L, S, P, A, G, J, I, C, P, A, R, J, V, Y, Q, V, N, B, S, O, Z, N, K, E, R, V, D, K, K, T, F, T, N, A, B, C, Y, P, D, V, H, E, R, Z, U, Z, F, R, G, I, V, A, Z, D, J, D, Q, E, G, P, K, B, F, J, C, X, W, S, B, Z, J, R, K], countLetter=100, userWebSocket1=UserWebSocket{userName='null', session=StandardWebSocketSession[id=14, uri=/websocket], state=1, score=0, opponent=null}, userWebSocket2=UserWebSocket{userName='null', session=StandardWebSocketSession[id=15, uri=/websocket], state=1, score=0, opponent=null}}
2017-04-12 09:30:48,844 INFO  websocket.WebsocketEndPoint - websocket connection closed......
2017-04-12 09:30:48,881 INFO  websocket.WebsocketEndPoint - connect to the websocket success......
2017-04-12 09:30:52,364 INFO  websocket.WebsocketEndPoint - websocket connection closed......
2017-04-12 09:30:52,410 INFO  websocket.WebsocketEndPoint - connect to the websocket success......
2017-04-12 09:30:52,411 INFO  service.WebSocketService - 匹配结果---UserMatch{userMatchId='149196065241198', letterQueue=[M, B, N, B, I, L, Y, K, Y, I, T, G, E, B, T, X, W, T, Q, N, G, E, Z, E, E, V, V, M, Q, M, N, B, W, B, I, Q, E, H, E, W, Q, Q, L, H, W, A, T, W, Q, N, Q, K, N, N, K, U, P, P, Q, E, S, W, D, R, Q, I, G, M, A, P, J, L, A, W, Y, T, A, O, L, L, B, S, N, R, N, L, P, R, B, T, B, T, X, O, X, Y, I, Z, N, I], countLetter=100, userWebSocket1=UserWebSocket{userName='null', session=StandardWebSocketSession[id=16, uri=/websocket], state=1, score=0, opponent=null}, userWebSocket2=UserWebSocket{userName='null', session=StandardWebSocketSession[id=17, uri=/websocket], state=1, score=0, opponent=null}}
2017-04-12 09:32:19,504 INFO  websocket.WebsocketEndPoint - websocket connection closed......
2017-04-12 09:32:19,551 INFO  websocket.WebsocketEndPoint - connect to the websocket success......
2017-04-12 09:32:22,249 INFO  websocket.WebsocketEndPoint - websocket connection closed......
2017-04-12 09:32:22,282 INFO  websocket.WebsocketEndPoint - connect to the websocket success......
2017-04-12 09:32:22,282 INFO  service.WebSocketService - 匹配结果---UserMatch{userMatchId='149196074228238', letterQueue=[I, J, J, C, H, P, M, H, L, M, A, H, P, J, G, P, A, M, M, J, B, R, S, O, K, Y, A, O, Q, U, O, E, A, Z, E, L, Z, M, M, G, O, C, Q, M, N, M, G, J, P, C, F, G, J, K, G, Y, F, W, G, J, Y, J, K, F, P, P, T, U, Q, H, V, M, V, C, B, L, K, Z, J, B, W, O, C, E, Y, X, C, R, A, O, W, N, D, T, R, Q, I, V, Q, R], countLetter=100, userWebSocket1=UserWebSocket{userName='null', session=StandardWebSocketSession[id=18, uri=/websocket], state=1, score=0, opponent=null}, userWebSocket2=UserWebSocket{userName='null', session=StandardWebSocketSession[id=19, uri=/websocket], state=1, score=0, opponent=null}}
2017-04-12 09:34:46,572 INFO  websocket.WebsocketEndPoint - websocket connection closed......
2017-04-12 09:34:46,608 INFO  websocket.WebsocketEndPoint - connect to the websocket success......
2017-04-12 09:34:49,094 INFO  websocket.WebsocketEndPoint - websocket connection closed......
2017-04-12 09:34:49,142 INFO  websocket.WebsocketEndPoint - connect to the websocket success......
2017-04-12 09:34:49,142 INFO  service.WebSocketService - 匹配结果---UserMatch{userMatchId='149196088914257', letterQueue=[B, B, B, V, P, B, V, U, W, O, T, C, M, V, Q, H, S, P, G, C, W, G, W, P, X, I, H, T, U, M, F, F, I, T, U, U, A, E, B, R, Y, V, D, Z, X, D, C, G, T, E, F, U, Q, H, Y, E, L, H, Z, L, Y, I, I, H, W, O, P, I, N, B, E, Z, Q, Z, S, L, M, F, Q, M, B, Z, O, X, Q, N, F, W, D, T, E, N, U, J, W, I, T, Z, F, Q], countLetter=100, userWebSocket1=UserWebSocket{userName='null', session=StandardWebSocketSession[id=1a, uri=/websocket], state=1, score=0, opponent=null}, userWebSocket2=UserWebSocket{userName='null', session=StandardWebSocketSession[id=1b, uri=/websocket], state=1, score=0, opponent=null}}
2017-04-12 09:35:20,959 INFO  websocket.WebsocketEndPoint - websocket connection closed......
2017-04-12 09:35:20,992 INFO  websocket.WebsocketEndPoint - connect to the websocket success......
2017-04-12 09:35:25,999 INFO  websocket.WebsocketEndPoint - websocket connection closed......
2017-04-12 09:35:26,041 INFO  websocket.WebsocketEndPoint - connect to the websocket success......
2017-04-12 09:35:26,041 INFO  service.WebSocketService - 匹配结果---UserMatch{userMatchId='149196092604133', letterQueue=[I, D, O, Z, R, C, I, E, T, F, S, L, W, W, H, G, N, O, F, L, Y, K, X, G, C, Z, W, I, F, X, R, P, Y, U, O, A, J, R, B, M, M, U, H, Z, Y, R, C, M, T, I, T, P, Q, V, G, K, P, U, S, G, Y, N, B, N, O, Y, Q, J, H, D, O, B, Q, E, A, K, N, U, K, Z, F, D, H, U, F, O, H, V, U, D, P, Z, C, L, D, N, H, Y, G, N], countLetter=100, userWebSocket1=UserWebSocket{userName='null', session=StandardWebSocketSession[id=1c, uri=/websocket], state=1, score=0, opponent=null}, userWebSocket2=UserWebSocket{userName='null', session=StandardWebSocketSession[id=1d, uri=/websocket], state=1, score=0, opponent=null}}
2017-04-12 09:36:10,198 INFO  websocket.WebsocketEndPoint - websocket connection closed......
2017-04-12 09:36:10,233 INFO  websocket.WebsocketEndPoint - connect to the websocket success......
2017-04-12 09:36:12,863 INFO  websocket.WebsocketEndPoint - websocket connection closed......
2017-04-12 09:36:12,899 INFO  websocket.WebsocketEndPoint - connect to the websocket success......
2017-04-12 09:36:12,899 INFO  service.WebSocketService - 匹配结果---UserMatch{userMatchId='149196097289993', letterQueue=[D, E, C, O, Z, S, Z, U, P, I, E, W, U, L, J, X, T, X, Z, P, K, Q, B, H, F, U, Y, F, I, W, L, D, P, J, E, H, Z, L, C, Y, K, H, F, I, J, X, B, A, Q, X, P, N, L, R, K, Y, Z, N, F, M, E, T, B, S, N, S, W, Y, F, L, L, W, K, C, L, K, U, J, J, B, S, B, Y, J, A, I, Z, I, L, A, O, B, M, E, F, D, V, T, U, S], countLetter=100, userWebSocket1=UserWebSocket{userName='null', session=StandardWebSocketSession[id=1e, uri=/websocket], state=1, score=0, opponent=null}, userWebSocket2=UserWebSocket{userName='null', session=StandardWebSocketSession[id=1f, uri=/websocket], state=1, score=0, opponent=null}}
2017-04-12 09:37:54,262 INFO  websocket.WebsocketEndPoint - websocket connection closed......
2017-04-12 09:37:54,293 INFO  websocket.WebsocketEndPoint - connect to the websocket success......
2017-04-12 09:38:00,184 INFO  websocket.WebsocketEndPoint - websocket connection closed......
2017-04-12 09:38:00,218 INFO  websocket.WebsocketEndPoint - connect to the websocket success......
2017-04-12 09:38:00,218 INFO  service.WebSocketService - 匹配结果---UserMatch{userMatchId='149196108021833', letterQueue=[W, G, D, O, F, N, U, O, I, P, K, B, D, H, W, N, T, B, W, T, B, K, F, S, J, A, Z, O, T, J, J, W, Y, B, D, F, X, Z, V, K, S, U, J, C, R, C, F, I, H, D, U, Y, C, Y, L, Z, U, O, D, J, T, H, A, F, L, U, V, F, F, V, O, I, R, D, L, Y, I, N, O, P, M, I, G, H, Y, L, F, Q, O, Q, X, I, X, P, T, C, Q, D, X, M], countLetter=100, userWebSocket1=UserWebSocket{userName='null', session=StandardWebSocketSession[id=20, uri=/websocket], state=1, score=0, opponent=null}, userWebSocket2=UserWebSocket{userName='null', session=StandardWebSocketSession[id=21, uri=/websocket], state=1, score=0, opponent=null}}
2017-04-12 09:44:59,528 INFO  websocket.WebsocketEndPoint - websocket connection closed......
2017-04-12 09:44:59,593 INFO  websocket.WebsocketEndPoint - connect to the websocket success......
2017-04-12 09:45:02,675 INFO  websocket.WebsocketEndPoint - websocket connection closed......
2017-04-12 09:45:02,718 INFO  websocket.WebsocketEndPoint - connect to the websocket success......
2017-04-12 09:45:02,718 INFO  service.WebSocketService - 匹配结果---UserMatch{userMatchId='149196150271851', letterQueue=[L, B, Q, V, F, Y, V, I, Y, R, G, H, B, Z, B, B, V, G, C, R, E, X, X, R, H, S, G, F, L, U, K, T, U, S, S, N, U, C, N, I, L, N, V, V, Z, X, M, C, W, G, S, X, G, T, I, G, K, V, D, O, U, R, U, K, S, R, Y, K, P, P, V, G, I, Y, J, F, J, L, W, O, B, E, X, F, X, S, B, X, A, P, U, E, A, C, N, T, S, B, T, R], countLetter=100, userWebSocket1=UserWebSocket{userName='null', session=StandardWebSocketSession[id=22, uri=/websocket], state=1, score=0, opponent=null}, userWebSocket2=UserWebSocket{userName='null', session=StandardWebSocketSession[id=23, uri=/websocket], state=1, score=0, opponent=null}}
2017-04-12 09:45:57,017 INFO  websocket.WebsocketEndPoint - websocket connection closed......
2017-04-12 09:45:57,052 INFO  websocket.WebsocketEndPoint - connect to the websocket success......
2017-04-12 09:46:00,205 INFO  websocket.WebsocketEndPoint - websocket connection closed......
2017-04-12 09:46:00,245 INFO  websocket.WebsocketEndPoint - connect to the websocket success......
2017-04-12 09:46:00,246 INFO  service.WebSocketService - 匹配结果---UserMatch{userMatchId='149196156024677', letterQueue=[E, H, C, D, I, Q, D, B, A, A, P, U, J, M, E, O, N, O, V, Z, K, V, X, S, H, N, B, F, Y, H, S, X, B, P, I, J, P, E, C, Q, P, O, B, M, F, X, E, J, V, I, Y, A, I, M, P, F, K, N, G, G, O, B, D, J, W, X, R, C, W, F, M, K, T, Y, C, M, H, Q, U, W, L, O, L, W, Z, M, H, M, L, S, Y, E, G, K, Y, U, V, M, S, V], countLetter=100, userWebSocket1=UserWebSocket{userName='null', session=StandardWebSocketSession[id=24, uri=/websocket], state=1, score=0, opponent=null}, userWebSocket2=UserWebSocket{userName='null', session=StandardWebSocketSession[id=25, uri=/websocket], state=1, score=0, opponent=null}}
2017-04-12 09:46:39,157 INFO  websocket.WebsocketEndPoint - websocket connection closed......
2017-04-12 09:46:39,194 INFO  websocket.WebsocketEndPoint - connect to the websocket success......
2017-04-12 09:46:41,698 INFO  websocket.WebsocketEndPoint - websocket connection closed......
2017-04-12 09:46:41,742 INFO  websocket.WebsocketEndPoint - connect to the websocket success......
2017-04-12 09:46:41,742 INFO  service.WebSocketService - 匹配结果---UserMatch{userMatchId='149196160174283', letterQueue=[P, O, K, R, D, U, C, A, P, U, G, B, Q, T, X, W, L, Q, M, N, Q, A, U, W, N, Z, U, Q, P, L, L, K, G, W, F, L, U, X, V, W, D, G, Y, I, X, Q, H, Q, L, H, E, V, W, Q, S, U, O, N, S, U, I, Y, Q, T, L, T, F, N, Q, L, Z, J, X, W, A, H, N, A, M, Y, E, O, F, N, V, L, I, O, I, B, Y, G, A, J, H, P, V, K, I, E], countLetter=100, userWebSocket1=UserWebSocket{userName='null', session=StandardWebSocketSession[id=26, uri=/websocket], state=1, score=0, opponent=null}, userWebSocket2=UserWebSocket{userName='null', session=StandardWebSocketSession[id=27, uri=/websocket], state=1, score=0, opponent=null}}
2017-04-12 09:49:17,957 INFO  websocket.WebsocketEndPoint - websocket connection closed......
2017-04-12 09:49:17,990 INFO  websocket.WebsocketEndPoint - connect to the websocket success......
2017-04-12 09:49:20,427 INFO  websocket.WebsocketEndPoint - websocket connection closed......
2017-04-12 09:49:20,461 INFO  websocket.WebsocketEndPoint - connect to the websocket success......
2017-04-12 09:49:20,461 INFO  service.WebSocketService - 匹配结果---UserMatch{userMatchId='149196176046167', letterQueue=[A, Z, B, Q, X, F, T, S, Y, O, R, N, E, Q, Z, T, R, T, C, U, C, C, X, H, Q, H, A, A, Q, A, P, P, I, K, D, H, N, O, Y, H, G, A, B, H, D, H, R, I, V, L, T, Z, G, L, Z, U, U, S, Z, G, L, C, R, Y, Z, O, T, C, P, G, O, N, C, R, D, W, V, G, E, D, I, V, Q, W, Y, I, O, L, J, O, W, R, E, F, M, U, F, T, I, Z], countLetter=100, userWebSocket1=UserWebSocket{userName='null', session=StandardWebSocketSession[id=28, uri=/websocket], state=1, score=0, opponent=null}, userWebSocket2=UserWebSocket{userName='null', session=StandardWebSocketSession[id=29, uri=/websocket], state=1, score=0, opponent=null}}
2017-04-12 09:52:12,621 INFO  websocket.WebsocketEndPoint - websocket connection closed......
2017-04-12 09:52:12,653 INFO  websocket.WebsocketEndPoint - connect to the websocket success......
2017-04-12 09:52:15,856 INFO  websocket.WebsocketEndPoint - websocket connection closed......
2017-04-12 09:52:15,893 INFO  websocket.WebsocketEndPoint - connect to the websocket success......
2017-04-12 09:52:15,893 INFO  service.WebSocketService - 匹配结果---UserMatch{userMatchId='149196193589382', letterQueue=[V, I, U, U, L, J, K, X, M, L, R, Q, H, I, B, I, A, I, G, Q, J, D, U, E, H, R, D, E, B, F, C, O, M, C, U, K, X, G, A, O, K, M, Q, W, F, U, B, X, J, E, H, H, D, H, E, B, Y, J, D, W, X, A, X, W, L, Z, Y, U, K, G, G, D, F, X, P, W, G, K, S, S, A, S, T, O, L, Y, Z, Y, S, J, E, R, N, D, O, U, S, G, U, L], countLetter=100, userWebSocket1=UserWebSocket{userName='null', session=StandardWebSocketSession[id=2a, uri=/websocket], state=1, score=0, opponent=null}, userWebSocket2=UserWebSocket{userName='null', session=StandardWebSocketSession[id=2b, uri=/websocket], state=1, score=0, opponent=null}}
2017-04-12 09:52:18,963 INFO  websocket.WebsocketEndPoint - websocket connection closed......
2017-04-12 09:52:19,006 INFO  websocket.WebsocketEndPoint - connect to the websocket success......
2017-04-12 09:52:25,606 INFO  websocket.WebsocketEndPoint - websocket connection closed......
2017-04-12 09:52:25,638 INFO  websocket.WebsocketEndPoint - connect to the websocket success......
2017-04-12 09:52:25,638 INFO  service.WebSocketService - 匹配结果---UserMatch{userMatchId='149196194563802', letterQueue=[V, K, G, J, L, Y, O, Q, R, H, A, O, H, R, S, Q, K, V, I, W, J, L, Y, G, G, K, W, J, K, M, T, M, V, I, K, Y, M, K, P, H, S, B, Q, T, N, N, C, W, X, O, A, X, Q, F, K, X, I, R, E, N, H, U, I, D, P, O, Z, G, V, L, I, U, K, S, O, V, E, Y, T, D, L, H, D, Z, F, F, X, D, V, R, F, M, A, S, Y, X, R, S, C, H], countLetter=100, userWebSocket1=UserWebSocket{userName='null', session=StandardWebSocketSession[id=2c, uri=/websocket], state=1, score=0, opponent=null}, userWebSocket2=UserWebSocket{userName='null', session=StandardWebSocketSession[id=2d, uri=/websocket], state=1, score=0, opponent=null}}
2017-04-12 09:52:59,452 INFO  websocket.WebsocketEndPoint - websocket connection closed......
2017-04-12 09:52:59,492 INFO  websocket.WebsocketEndPoint - connect to the websocket success......
2017-04-12 09:53:02,294 INFO  websocket.WebsocketEndPoint - websocket connection closed......
2017-04-12 09:53:02,330 INFO  websocket.WebsocketEndPoint - connect to the websocket success......
2017-04-12 09:53:02,330 INFO  service.WebSocketService - 匹配结果---UserMatch{userMatchId='149196198233026', letterQueue=[P, U, O, X, Q, T, X, O, C, W, Q, R, L, M, O, J, G, O, P, J, M, W, F, I, L, N, D, V, I, Q, D, G, I, I, C, T, X, V, P, Y, Y, F, P, X, C, V, T, V, Y, K, A, P, O, R, C, A, J, C, N, X, A, P, I, Z, T, D, K, V, F, S, E, G, E, C, J, Q, V, T, K, L, N, E, D, C, M, J, C, Z, W, E, U, C, G, N, U, C, C, I, U, Z], countLetter=100, userWebSocket1=UserWebSocket{userName='null', session=StandardWebSocketSession[id=2e, uri=/websocket], state=1, score=0, opponent=null}, userWebSocket2=UserWebSocket{userName='null', session=StandardWebSocketSession[id=2f, uri=/websocket], state=1, score=0, opponent=null}}
2017-04-12 09:53:11,846 INFO  websocket.WebsocketEndPoint - websocket connection closed......
2017-04-12 09:53:11,879 INFO  websocket.WebsocketEndPoint - connect to the websocket success......
2017-04-12 09:53:14,465 INFO  websocket.WebsocketEndPoint - websocket connection closed......
2017-04-12 09:53:14,499 INFO  websocket.WebsocketEndPoint - connect to the websocket success......
2017-04-12 09:53:14,499 INFO  service.WebSocketService - 匹配结果---UserMatch{userMatchId='149196199449947', letterQueue=[L, P, Z, X, B, R, H, D, Z, G, W, Q, A, N, R, B, D, Q, V, O, M, U, E, J, I, Q, L, U, H, G, H, S, Y, F, Z, H, Z, X, X, U, F, S, J, K, K, B, B, Z, V, A, M, L, N, J, Z, F, T, U, T, V, P, A, S, L, X, W, S, N, K, P, J, B, N, V, I, N, N, Z, X, E, N, I, H, K, P, Q, Y, E, Y, Z, P, Q, A, P, S, X, R, X, W, U], countLetter=100, userWebSocket1=UserWebSocket{userName='null', session=StandardWebSocketSession[id=30, uri=/websocket], state=1, score=0, opponent=null}, userWebSocket2=UserWebSocket{userName='null', session=StandardWebSocketSession[id=31, uri=/websocket], state=1, score=0, opponent=null}}
2017-04-12 09:53:18,562 INFO  websocket.WebsocketEndPoint - websocket connection closed......
2017-04-12 09:53:18,598 INFO  websocket.WebsocketEndPoint - connect to the websocket success......
2017-04-12 09:53:29,616 INFO  websocket.WebsocketEndPoint - websocket connection closed......
2017-04-12 09:53:29,649 INFO  websocket.WebsocketEndPoint - connect to the websocket success......
2017-04-12 09:53:29,649 INFO  service.WebSocketService - 匹配结果---UserMatch{userMatchId='149196200964909', letterQueue=[W, I, C, O, H, B, G, X, Y, Y, F, Z, H, X, S, X, C, Z, J, U, G, T, Q, R, L, W, R, M, F, S, W, N, N, V, R, H, I, G, X, D, C, P, O, V, U, B, Q, Q, Y, X, L, I, A, I, Q, I, O, I, L, A, B, S, U, Q, B, W, I, Z, C, P, N, S, Z, V, B, Y, C, L, I, M, H, V, N, O, V, V, B, F, H, B, Z, D, P, D, P, Z, D, M, U, F], countLetter=100, userWebSocket1=UserWebSocket{userName='null', session=StandardWebSocketSession[id=32, uri=/websocket], state=1, score=0, opponent=null}, userWebSocket2=UserWebSocket{userName='null', session=StandardWebSocketSession[id=33, uri=/websocket], state=1, score=0, opponent=null}}
2017-04-12 09:53:32,097 INFO  websocket.WebsocketEndPoint - websocket connection closed......
2017-04-12 09:53:32,126 INFO  websocket.WebsocketEndPoint - connect to the websocket success......
2017-04-12 09:53:35,032 INFO  websocket.WebsocketEndPoint - websocket connection closed......
2017-04-12 09:53:35,063 INFO  websocket.WebsocketEndPoint - connect to the websocket success......
2017-04-12 09:53:35,063 INFO  service.WebSocketService - 匹配结果---UserMatch{userMatchId='149196201506325', letterQueue=[X, I, E, Z, B, L, H, H, A, A, M, I, D, T, N, O, K, M, P, E, I, A, G, W, N, F, B, M, D, O, I, T, N, H, P, C, A, S, S, E, I, A, K, K, X, Q, Q, U, O, V, Z, W, L, M, O, T, X, D, W, G, A, R, I, S, X, A, A, E, Y, S, W, W, P, U, P, E, V, S, A, H, W, N, U, D, Q, F, F, G, Q, N, B, V, A, U, K, M, V, L, B, U], countLetter=100, userWebSocket1=UserWebSocket{userName='null', session=StandardWebSocketSession[id=34, uri=/websocket], state=1, score=0, opponent=null}, userWebSocket2=UserWebSocket{userName='null', session=StandardWebSocketSession[id=35, uri=/websocket], state=1, score=0, opponent=null}}
2017-04-12 09:53:37,549 INFO  websocket.WebsocketEndPoint - websocket connection closed......
2017-04-12 09:53:37,578 INFO  websocket.WebsocketEndPoint - connect to the websocket success......
2017-04-12 09:53:49,900 INFO  websocket.WebsocketEndPoint - websocket connection closed......
2017-04-12 09:53:49,932 INFO  websocket.WebsocketEndPoint - connect to the websocket success......
2017-04-12 09:53:49,932 INFO  service.WebSocketService - 匹配结果---UserMatch{userMatchId='149196202993251', letterQueue=[R, U, S, Z, P, R, P, K, O, T, M, C, T, V, Q, M, E, O, Y, A, F, J, N, N, N, E, N, E, Z, R, Y, U, X, R, T, J, X, L, W, Q, G, F, P, G, S, P, P, Z, R, F, E, Q, R, D, S, D, W, T, U, D, I, A, P, M, V, Y, R, Q, G, C, Z, F, C, C, H, Z, B, G, E, K, A, C, F, V, G, X, U, L, V, E, N, O, F, Y, A, W, W, S, E, L], countLetter=100, userWebSocket1=UserWebSocket{userName='null', session=StandardWebSocketSession[id=36, uri=/websocket], state=1, score=0, opponent=null}, userWebSocket2=UserWebSocket{userName='null', session=StandardWebSocketSession[id=37, uri=/websocket], state=1, score=0, opponent=null}}
2017-04-12 09:55:14,532 INFO  websocket.WebsocketEndPoint - websocket connection closed......
2017-04-12 09:55:14,569 INFO  websocket.WebsocketEndPoint - connect to the websocket success......
2017-04-12 09:55:18,114 INFO  websocket.WebsocketEndPoint - websocket connection closed......
2017-04-12 09:55:18,149 INFO  websocket.WebsocketEndPoint - connect to the websocket success......
2017-04-12 09:55:18,149 INFO  service.WebSocketService - 匹配结果---UserMatch{userMatchId='149196211814965', letterQueue=[Z, G, J, N, M, X, A, K, L, W, E, C, H, S, A, I, F, B, W, Z, X, A, V, M, V, P, M, A, K, Z, X, J, H, N, Q, U, Z, G, N, A, I, A, H, P, Y, Q, M, P, A, A, S, I, Z, N, F, B, F, D, R, F, O, O, Z, P, B, M, A, X, W, Q, D, N, X, W, J, Z, A, S, D, P, Y, Y, C, U, H, J, H, J, O, V, J, A, O, S, K, X, G, X, S, G], countLetter=100, userWebSocket1=UserWebSocket{userName='null', session=StandardWebSocketSession[id=38, uri=/websocket], state=1, score=0, opponent=null}, userWebSocket2=UserWebSocket{userName='null', session=StandardWebSocketSession[id=39, uri=/websocket], state=1, score=0, opponent=null}}
2017-04-12 09:56:21,290 INFO  websocket.WebsocketEndPoint - websocket connection closed......
2017-04-12 09:56:21,324 INFO  websocket.WebsocketEndPoint - connect to the websocket success......
2017-04-12 09:56:23,606 INFO  websocket.WebsocketEndPoint - websocket connection closed......
2017-04-12 09:56:23,639 INFO  websocket.WebsocketEndPoint - connect to the websocket success......
2017-04-12 09:56:23,640 INFO  service.WebSocketService - 匹配结果---UserMatch{userMatchId='149196218363940', letterQueue=[N, S, G, K, A, H, J, U, F, G, X, J, L, G, F, V, C, N, T, V, P, P, H, D, Y, I, B, X, B, U, W, I, E, Z, T, E, K, Q, V, P, K, K, F, R, U, J, Q, Q, Z, L, A, W, V, J, V, X, P, D, J, A, N, X, Z, B, B, S, C, A, Q, N, D, Q, U, Z, G, D, M, K, Z, H, I, W, L, R, L, B, J, P, R, V, W, I, W, C, M, P, W, F, K, O], countLetter=100, userWebSocket1=UserWebSocket{userName='null', session=StandardWebSocketSession[id=3a, uri=/websocket], state=1, score=0, opponent=null}, userWebSocket2=UserWebSocket{userName='null', session=StandardWebSocketSession[id=3b, uri=/websocket], state=1, score=0, opponent=null}}
2017-04-12 09:56:59,729 INFO  websocket.WebsocketEndPoint - websocket connection closed......
2017-04-12 09:56:59,761 INFO  websocket.WebsocketEndPoint - connect to the websocket success......
2017-04-12 09:57:04,862 INFO  websocket.WebsocketEndPoint - websocket connection closed......
2017-04-12 09:57:04,893 INFO  websocket.WebsocketEndPoint - connect to the websocket success......
2017-04-12 09:57:04,893 INFO  service.WebSocketService - 匹配结果---UserMatch{userMatchId='149196222489376', letterQueue=[J, W, Y, H, F, O, Q, Y, A, D, M, I, T, X, S, Z, F, P, T, O, F, H, U, D, M, K, C, C, Z, X, K, Q, S, O, W, F, C, D, G, U, O, V, A, F, T, G, N, O, W, Y, N, C, P, E, M, J, O, L, W, G, W, Z, E, U, U, T, E, U, M, W, L, N, K, C, J, P, T, Y, B, L, C, S, T, P, B, L, X, Z, A, L, H, G, Z, M, I, B, U, A, N, O], countLetter=100, userWebSocket1=UserWebSocket{userName='null', session=StandardWebSocketSession[id=3c, uri=/websocket], state=1, score=0, opponent=null}, userWebSocket2=UserWebSocket{userName='null', session=StandardWebSocketSession[id=3d, uri=/websocket], state=1, score=0, opponent=null}}
2017-04-12 09:59:27,534 INFO  websocket.WebsocketEndPoint - websocket connection closed......
2017-04-12 09:59:27,570 INFO  websocket.WebsocketEndPoint - connect to the websocket success......
2017-04-12 09:59:30,517 INFO  websocket.WebsocketEndPoint - websocket connection closed......
2017-04-12 09:59:30,553 INFO  websocket.WebsocketEndPoint - connect to the websocket success......
2017-04-12 09:59:30,553 INFO  service.WebSocketService - 匹配结果---UserMatch{userMatchId='149196237055363', letterQueue=[P, Y, F, N, V, C, H, L, H, I, J, D, I, N, K, Z, D, F, N, S, T, W, Y, U, Y, T, P, P, V, R, Z, O, B, V, W, G, G, P, S, U, X, B, O, C, I, R, S, P, N, O, L, R, M, U, A, R, U, U, Y, C, K, C, A, S, A, F, L, C, F, E, G, M, D, Y, Y, B, X, O, F, U, D, L, M, G, N, I, A, V, I, E, X, X, K, N, W, I, E, A, X, R], countLetter=100, userWebSocket1=UserWebSocket{userName='null', session=StandardWebSocketSession[id=3e, uri=/websocket], state=1, score=0, opponent=null}, userWebSocket2=UserWebSocket{userName='null', session=StandardWebSocketSession[id=3f, uri=/websocket], state=1, score=0, opponent=null}}
2017-04-12 10:00:46,561 INFO  websocket.WebsocketEndPoint - websocket connection closed......
2017-04-12 10:00:46,597 INFO  websocket.WebsocketEndPoint - connect to the websocket success......
2017-04-12 10:00:48,828 INFO  websocket.WebsocketEndPoint - websocket connection closed......
2017-04-12 10:00:48,870 INFO  websocket.WebsocketEndPoint - connect to the websocket success......
2017-04-12 10:00:48,870 INFO  service.WebSocketService - 匹配结果---UserMatch{userMatchId='149196244887064', letterQueue=[C, J, O, W, W, K, B, P, U, I, V, P, T, N, K, E, V, Q, O, A, Y, Q, X, H, M, J, G, P, Q, B, G, J, I, X, L, R, A, C, K, M, I, F, T, E, L, R, P, G, Q, O, B, T, N, Z, N, B, F, Z, R, V, T, S, F, E, Y, G, W, F, E, M, O, Y, B, O, I, K, Y, K, O, S, J, S, Z, M, Z, K, J, D, C, V, V, C, B, O, R, U, V, A, K, W], countLetter=100, userWebSocket1=UserWebSocket{userName='null', session=StandardWebSocketSession[id=40, uri=/websocket], state=1, score=0, opponent=null}, userWebSocket2=UserWebSocket{userName='null', session=StandardWebSocketSession[id=41, uri=/websocket], state=1, score=0, opponent=null}}
2017-04-12 10:02:18,378 INFO  websocket.WebsocketEndPoint - websocket connection closed......
2017-04-12 10:02:18,410 INFO  websocket.WebsocketEndPoint - connect to the websocket success......
2017-04-12 10:02:20,078 INFO  websocket.WebsocketEndPoint - websocket connection closed......
2017-04-12 10:02:20,117 INFO  websocket.WebsocketEndPoint - connect to the websocket success......
2017-04-12 10:02:20,117 INFO  service.WebSocketService - 匹配结果---UserMatch{userMatchId='149196254011740', letterQueue=[G, R, M, Q, R, B, O, S, Y, Z, E, X, J, W, W, F, D, X, V, Z, J, D, G, W, H, G, G, T, P, G, X, Y, V, K, A, C, P, Q, O, E, U, A, J, C, H, G, X, C, J, X, Q, N, D, Z, F, Y, O, Z, W, X, V, K, V, T, H, U, U, B, Q, A, Y, F, I, Q, J, E, C, R, Z, K, M, Y, H, O, A, N, G, Q, K, B, Y, U, R, N, B, U, G, C, D, J], countLetter=100, userWebSocket1=UserWebSocket{userName='null', session=StandardWebSocketSession[id=42, uri=/websocket], state=1, score=0, opponent=null}, userWebSocket2=UserWebSocket{userName='null', session=StandardWebSocketSession[id=43, uri=/websocket], state=1, score=0, opponent=null}}
2017-04-12 10:10:22,438 INFO  websocket.WebsocketEndPoint - websocket connection closed......
2017-04-12 10:10:22,471 INFO  websocket.WebsocketEndPoint - connect to the websocket success......
2017-04-12 10:10:24,507 INFO  websocket.WebsocketEndPoint - websocket connection closed......
2017-04-12 10:10:24,542 INFO  websocket.WebsocketEndPoint - connect to the websocket success......
2017-04-12 10:10:24,542 INFO  service.WebSocketService - 匹配结果---UserMatch{userMatchId='149196302454228', letterQueue=[B, P, A, A, N, A, J, Z, R, T, K, L, E, A, W, A, T, M, N, C, A, L, X, K, W, D, R, U, K, E, H, Q, Z, Z, X, G, X, F, Y, V, V, G, E, F, Z, P, L, S, G, Y, H, L, O, F, Z, Y, W, C, T, R, B, V, N, V, Y, S, M, T, J, M, P, S, S, K, K, R, N, F, N, O, K, T, T, X, I, B, A, G, W, I, A, M, Z, S, G, B, G, E, F, T], countLetter=100, userWebSocket1=UserWebSocket{userName='null', session=StandardWebSocketSession[id=44, uri=/websocket], state=1, score=0, opponent=null}, userWebSocket2=UserWebSocket{userName='null', session=StandardWebSocketSession[id=45, uri=/websocket], state=1, score=0, opponent=null}}
2017-04-12 10:11:35,592 INFO  websocket.WebsocketEndPoint - connect to the websocket success......
2017-04-12 10:11:38,234 INFO  websocket.WebsocketEndPoint - connect to the websocket success......
2017-04-12 10:11:38,236 INFO  service.WebSocketService - 匹配结果---UserMatch{userMatchId='149196309823582', letterQueue=[start, O, X, A, P, G, X, R, A, C, S, V, U, X, W, M, L, R, C, X, E, T, X, J, K, S, J, T, Q, I, K, J, T, G, F, V, L, E, G, K, P, F, H, K, G, I, N, N, R, X, V, V, C, V, N, D, R, V, F, B, A, N, R, O, A, R, Z, U, U, J, B, F, W, Y, O, U, F, W, W, N, A, D, J, N, U, J, U, Y, M, F, K, X, Y, O, A, C, F, I, T, D, P], countLetter=101, userWebSocket1=UserWebSocket{userName='null', session=StandardWebSocketSession[id=0, uri=/websocket], state=1, score=0, opponent=null}, userWebSocket2=UserWebSocket{userName='null', session=StandardWebSocketSession[id=1, uri=/websocket], state=1, score=0, opponent=null}}
2017-04-12 10:12:07,039 INFO  websocket.WebsocketEndPoint - websocket connection closed......
2017-04-12 10:12:07,075 INFO  websocket.WebsocketEndPoint - connect to the websocket success......
2017-04-12 10:12:10,672 INFO  websocket.WebsocketEndPoint - websocket connection closed......
2017-04-12 10:12:10,706 INFO  websocket.WebsocketEndPoint - connect to the websocket success......
2017-04-12 10:12:10,706 INFO  service.WebSocketService - 匹配结果---UserMatch{userMatchId='149196313070684', letterQueue=[start, X, X, Q, R, E, E, Q, W, J, W, S, W, M, M, G, V, F, P, B, R, V, Z, M, F, K, C, E, O, T, P, F, U, A, N, P, Y, W, Z, J, K, J, K, I, V, E, E, U, A, I, Y, T, W, A, N, O, X, L, J, E, J, U, J, V, R, E, G, S, F, Y, Z, Y, U, Y, N, S, H, F, S, D, U, G, D, G, F, J, A, B, Y, J, N, I, I, U, X, V, D, D, P, U, N], countLetter=101, userWebSocket1=UserWebSocket{userName='null', session=StandardWebSocketSession[id=2, uri=/websocket], state=1, score=0, opponent=null}, userWebSocket2=UserWebSocket{userName='null', session=StandardWebSocketSession[id=3, uri=/websocket], state=1, score=0, opponent=null}}
2017-04-12 10:12:15,406 INFO  websocket.WebsocketEndPoint - websocket connection closed......
2017-04-12 10:12:15,438 INFO  websocket.WebsocketEndPoint - connect to the websocket success......
2017-04-12 10:12:30,290 INFO  websocket.WebsocketEndPoint - websocket connection closed......
2017-04-12 10:12:30,322 INFO  websocket.WebsocketEndPoint - connect to the websocket success......
2017-04-12 10:12:30,322 INFO  service.WebSocketService - 匹配结果---UserMatch{userMatchId='149196315032202', letterQueue=[start, T, Q, D, R, G, Q, E, O, F, D, V, U, A, F, L, F, X, S, M, H, L, J, G, S, P, O, Q, S, G, S, C, E, Y, U, Q, I, F, F, M, U, P, T, I, R, H, D, V, K, Q, M, L, K, D, L, O, J, D, S, L, O, T, Q, D, D, Q, P, D, L, I, X, J, B, N, L, K, T, D, X, E, X, B, Z, Q, P, P, B, X, K, I, U, Y, A, A, Z, J, S, S, Y, X, I], countLetter=101, userWebSocket1=UserWebSocket{userName='null', session=StandardWebSocketSession[id=4, uri=/websocket], state=1, score=0, opponent=null}, userWebSocket2=UserWebSocket{userName='null', session=StandardWebSocketSession[id=5, uri=/websocket], state=1, score=0, opponent=null}}
2017-04-12 10:13:11,161 INFO  websocket.WebsocketEndPoint - websocket connection closed......
2017-04-12 10:13:11,193 INFO  websocket.WebsocketEndPoint - connect to the websocket success......
2017-04-12 10:13:13,539 INFO  websocket.WebsocketEndPoint - websocket connection closed......
2017-04-12 10:13:13,570 INFO  websocket.WebsocketEndPoint - connect to the websocket success......
2017-04-12 10:13:13,570 INFO  service.WebSocketService - 匹配结果---UserMatch{userMatchId='149196319357030', letterQueue=[start, D, O, J, E, O, T, B, P, A, D, O, Q, X, O, X, H, N, T, S, X, N, D, Q, X, V, X, M, I, O, U, G, I, M, K, D, C, H, D, P, H, D, S, V, O, L, N, Q, L, H, T, B, K, G, F, Y, Y, L, D, I, L, P, J, W, L, J, R, Z, F, X, Z, B, Y, R, U, N, X, M, E, V, W, B, B, G, U, G, X, G, Y, A, W, Y, F, C, H, U, M, A, S, H, E], countLetter=101, userWebSocket1=UserWebSocket{userName='null', session=StandardWebSocketSession[id=6, uri=/websocket], state=1, score=0, opponent=null}, userWebSocket2=UserWebSocket{userName='null', session=StandardWebSocketSession[id=7, uri=/websocket], state=1, score=0, opponent=null}}
2017-04-12 11:41:33,952 INFO  websocket.WebsocketEndPoint - websocket connection closed......
2017-04-12 11:41:33,986 INFO  websocket.WebsocketEndPoint - connect to the websocket success......
2017-04-12 11:41:35,251 INFO  websocket.WebsocketEndPoint - websocket connection closed......
2017-04-12 11:41:35,282 INFO  websocket.WebsocketEndPoint - connect to the websocket success......
2017-04-12 11:41:35,282 INFO  service.WebSocketService - 匹配结果---UserMatch{userMatchId='149196849528242', letterQueue=[start, Y, Q, N, Q, O, V, P, P, V, Y, I, V, H, F, P, N, Q, C, X, W, U, I, X, W, A, E, J, U, G, Y, A, R, X, J, H, E, L, O, Y, K, O, R, J, V, C, I, W, S, J, M, O, J, V, F, O, A, M, G, W, Z, Z, D, E, Q, W, F, K, S, Q, S, E, U, Q, C, N, N, Q, D, S, G, C, B, S, O, V, U, V, Z, B, P, U, U, D, Q, F, Q, F, P, L, S], countLetter=101, userWebSocket1=UserWebSocket{userName='null', session=StandardWebSocketSession[id=8, uri=/websocket], state=1, score=0, opponent=null}, userWebSocket2=UserWebSocket{userName='null', session=StandardWebSocketSession[id=9, uri=/websocket], state=1, score=0, opponent=null}}
2017-04-12 11:42:20,048 INFO  websocket.WebsocketEndPoint - websocket connection closed......
2017-04-12 11:42:24,663 INFO  websocket.WebsocketEndPoint - websocket connection closed......
2017-04-12 15:43:59,790 INFO  controller.IndexController - 取得的用户名为：2
2017-04-12 15:43:59,847 INFO  impl.AbstractPoolBackedDataSource - Initializing c3p0 pool... com.mchange.v2.c3p0.ComboPooledDataSource [ acquireIncrement -> 3, acquireRetryAttempts -> 30, acquireRetryDelay -> 1000, autoCommitOnClose -> false, automaticTestTable -> null, breakAfterAcquireFailure -> true, checkoutTimeout -> 0, connectionCustomizerClassName -> null, connectionTesterClassName -> com.mchange.v2.c3p0.impl.DefaultConnectionTester, dataSourceName -> 2yy8s19nqy17av104wfd|72cc074b, debugUnreturnedConnectionStackTraces -> false, description -> null, driverClass -> com.mysql.jdbc.Driver, factoryClassLocation -> null, forceIgnoreUnresolvedTransactions -> false, identityToken -> 2yy8s19nqy17av104wfd|72cc074b, idleConnectionTestPeriod -> 60, initialPoolSize -> 10, jdbcUrl -> jdbc:mysql://localhost:3306/type, maxAdministrativeTaskTime -> 0, maxConnectionAge -> 0, maxIdleTime -> 1800, maxIdleTimeExcessConnections -> 0, maxPoolSize -> 100, maxStatements -> 1000, maxStatementsPerConnection -> 0, minPoolSize -> 10, numHelperThreads -> 3, numThreadsAwaitingCheckoutDefaultUser -> 0, preferredTestQuery -> null, properties -> {user=******, password=******}, propertyCycle -> 0, testConnectionOnCheckin -> false, testConnectionOnCheckout -> false, unreturnedConnectionTimeout -> 0, usesTraditionalReflectiveProxies -> false ]
2017-04-12 15:44:00,062 INFO  controller.IndexController - 取得的用户名为：22
2017-04-12 15:44:00,559 INFO  controller.IndexController - 取得的用户名为：222
2017-04-12 15:44:00,908 INFO  controller.IndexController - 取得的用户名为：2222
2017-04-12 15:44:01,958 INFO  controller.IndexController - 取得的用户名为：222222
2017-04-12 15:44:03,221 INFO  controller.IndexController - loginVolidate取得的用户名和密码为：222222,1
2017-04-12 15:44:03,788 INFO  controller.IndexController - loginVolidate取得的用户名和密码为：222222,11
2017-04-12 15:44:04,315 INFO  controller.IndexController - loginVolidate取得的用户名和密码为：222222,111
2017-04-12 15:44:04,579 INFO  controller.IndexController - loginVolidate取得的用户名和密码为：222222,1111
2017-04-12 15:44:05,588 INFO  controller.IndexController - loginVolidate取得的用户名和密码为：222222,111
2017-04-12 15:44:06,044 INFO  controller.IndexController - login取得的用户名和密码为：222222,111
2017-04-12 15:44:46,840 INFO  controller.IndexController - login取得的用户名和密码为：null,null
2017-04-12 15:44:49,269 INFO  controller.IndexController - login取得的用户名和密码为：null,null
2017-04-12 15:45:02,987 INFO  controller.IndexController - 取得的用户名为：d
2017-04-12 15:45:03,104 INFO  controller.IndexController - 取得的用户名为：dd
2017-04-12 15:45:04,117 INFO  controller.IndexController - 取得的用户名为：ddd
2017-04-12 15:45:05,702 INFO  controller.IndexController - 取得的用户名为：dd
2017-04-12 15:45:06,884 INFO  controller.IndexController - loginVolidate取得的用户名和密码为：dd,d
2017-04-12 15:45:07,381 INFO  controller.IndexController - login取得的用户名和密码为：dd,d
2017-04-12 15:45:09,209 INFO  websocket.WebsocketEndPoint - connect to the websocket success......
2017-04-12 15:45:19,031 INFO  controller.IndexController - loginVolidate取得的用户名和密码为：222222,1
2017-04-12 15:45:19,210 INFO  controller.IndexController - loginVolidate取得的用户名和密码为：222222,11
2017-04-12 15:45:19,361 INFO  controller.IndexController - loginVolidate取得的用户名和密码为：222222,111
2017-04-12 15:45:19,826 INFO  controller.IndexController - 取得的用户名为：222222
2017-04-12 15:45:19,841 INFO  controller.IndexController - login取得的用户名和密码为：222222,111
2017-04-12 15:46:43,849 INFO  websocket.WebsocketEndPoint - websocket connection closed......
