2017-04-11 09:15:10,004 INFO  timedtask.MatchTimedTask - -->  task
2017-04-11 09:15:15,000 INFO  timedtask.MatchTimedTask - -->  task
2017-04-11 09:15:20,004 INFO  timedtask.MatchTimedTask - -->  task
2017-04-11 09:15:25,001 INFO  timedtask.MatchTimedTask - -->  task
2017-04-11 09:15:30,006 INFO  timedtask.MatchTimedTask - -->  task
2017-04-11 09:15:35,000 INFO  timedtask.MatchTimedTask - -->  task
2017-04-11 09:15:40,004 INFO  timedtask.MatchTimedTask - -->  task
2017-04-11 09:15:45,002 INFO  timedtask.MatchTimedTask - -->  task
2017-04-11 09:15:50,003 INFO  timedtask.MatchTimedTask - -->  task
2017-04-11 09:15:55,001 INFO  timedtask.MatchTimedTask - -->  task
2017-04-11 09:16:00,001 INFO  timedtask.MatchTimedTask - -->  task
2017-04-11 09:16:05,005 INFO  timedtask.MatchTimedTask - -->  task
2017-04-11 09:16:10,002 INFO  timedtask.MatchTimedTask - -->  task
2017-04-11 09:16:15,004 INFO  timedtask.MatchTimedTask - -->  task
2017-04-11 09:16:20,003 INFO  timedtask.MatchTimedTask - -->  task
2017-04-11 09:16:57,006 INFO  timedtask.MatchTimedTask - -->  task
2017-04-11 09:16:58,004 INFO  timedtask.MatchTimedTask - -->  task
2017-04-11 09:16:59,002 INFO  timedtask.MatchTimedTask - -->  task
2017-04-11 09:17:00,001 INFO  timedtask.MatchTimedTask - -->  task
2017-04-11 09:17:01,001 INFO  timedtask.MatchTimedTask - -->  task
2017-04-11 09:17:02,004 INFO  timedtask.MatchTimedTask - -->  task
2017-04-11 09:19:50,198 ERROR servlet.DispatcherServlet - Context initialization failed
org.springframework.beans.factory.BeanCreationException: Error creating bean with name 'webSocketService' defined in file [/Users/dx/java/workspace/type/type-manager/type-manager-web/target/classes/com/type/controller/game/websocket/service/WebSocketService.class]: Initialization of bean failed; nested exception is java.lang.IllegalStateException: Encountered invalid @Scheduled method 'myTask': Exactly one of the 'cron', 'fixedDelay(String)', or 'fixedRate(String)' attributes is required
	at org.springframework.beans.factory.support.AbstractAutowireCapableBeanFactory.doCreateBean(AbstractAutowireCapableBeanFactory.java:547)
	at org.springframework.beans.factory.support.AbstractAutowireCapableBeanFactory.createBean(AbstractAutowireCapableBeanFactory.java:476)
	at org.springframework.beans.factory.support.AbstractBeanFactory$1.getObject(AbstractBeanFactory.java:302)
	at org.springframework.beans.factory.support.DefaultSingletonBeanRegistry.getSingleton(DefaultSingletonBeanRegistry.java:230)
	at org.springframework.beans.factory.support.AbstractBeanFactory.doGetBean(AbstractBeanFactory.java:298)
	at org.springframework.beans.factory.support.AbstractBeanFactory.getBean(AbstractBeanFactory.java:193)
	at org.springframework.beans.factory.support.DefaultListableBeanFactory.preInstantiateSingletons(DefaultListableBeanFactory.java:762)
	at org.springframework.context.support.AbstractApplicationContext.finishBeanFactoryInitialization(AbstractApplicationContext.java:757)
	at org.springframework.context.support.AbstractApplicationContext.refresh(AbstractApplicationContext.java:480)
	at org.springframework.web.servlet.FrameworkServlet.configureAndRefreshWebApplicationContext(FrameworkServlet.java:663)
	at org.springframework.web.servlet.FrameworkServlet.createWebApplicationContext(FrameworkServlet.java:629)
	at org.springframework.web.servlet.FrameworkServlet.createWebApplicationContext(FrameworkServlet.java:677)
	at org.springframework.web.servlet.FrameworkServlet.initWebApplicationContext(FrameworkServlet.java:548)
	at org.springframework.web.servlet.FrameworkServlet.initServletBean(FrameworkServlet.java:489)
	at org.springframework.web.servlet.HttpServletBean.init(HttpServletBean.java:136)
	at javax.servlet.GenericServlet.init(GenericServlet.java:160)
	at org.apache.catalina.core.StandardWrapper.initServlet(StandardWrapper.java:1280)
	at org.apache.catalina.core.StandardWrapper.loadServlet(StandardWrapper.java:1193)
	at org.apache.catalina.core.StandardWrapper.load(StandardWrapper.java:1088)
	at org.apache.catalina.core.StandardContext.loadOnStartup(StandardContext.java:5176)
	at org.apache.catalina.core.StandardContext.startInternal(StandardContext.java:5460)
	at org.apache.catalina.util.LifecycleBase.start(LifecycleBase.java:150)
	at org.apache.catalina.core.ContainerBase$StartChild.call(ContainerBase.java:1559)
	at org.apache.catalina.core.ContainerBase$StartChild.call(ContainerBase.java:1549)
	at java.util.concurrent.FutureTask.run(FutureTask.java:266)
	at java.util.concurrent.ThreadPoolExecutor.runWorker(ThreadPoolExecutor.java:1142)
	at java.util.concurrent.ThreadPoolExecutor$Worker.run(ThreadPoolExecutor.java:617)
	at java.lang.Thread.run(Thread.java:745)
Caused by: java.lang.IllegalStateException: Encountered invalid @Scheduled method 'myTask': Exactly one of the 'cron', 'fixedDelay(String)', or 'fixedRate(String)' attributes is required
	at org.springframework.scheduling.annotation.ScheduledAnnotationBeanPostProcessor.processScheduled(ScheduledAnnotationBeanPostProcessor.java:358)
	at org.springframework.scheduling.annotation.ScheduledAnnotationBeanPostProcessor$1.doWith(ScheduledAnnotationBeanPostProcessor.java:201)
	at org.springframework.util.ReflectionUtils.doWithMethods(ReflectionUtils.java:496)
	at org.springframework.util.ReflectionUtils.doWithMethods(ReflectionUtils.java:474)
	at org.springframework.scheduling.annotation.ScheduledAnnotationBeanPostProcessor.postProcessAfterInitialization(ScheduledAnnotationBeanPostProcessor.java:196)
	at org.springframework.beans.factory.support.AbstractAutowireCapableBeanFactory.applyBeanPostProcessorsAfterInitialization(AbstractAutowireCapableBeanFactory.java:422)
	at org.springframework.beans.factory.support.AbstractAutowireCapableBeanFactory.initializeBean(AbstractAutowireCapableBeanFactory.java:1571)
	at org.springframework.beans.factory.support.AbstractAutowireCapableBeanFactory.doCreateBean(AbstractAutowireCapableBeanFactory.java:539)
	... 27 more
2017-04-11 09:21:33,001 INFO  timedtask.MatchTimedTask - -->  task
2017-04-11 09:21:34,001 INFO  timedtask.MatchTimedTask - -->  task
2017-04-11 09:21:35,004 INFO  timedtask.MatchTimedTask - -->  task
2017-04-11 09:21:36,003 INFO  timedtask.MatchTimedTask - -->  task
2017-04-11 09:21:37,005 INFO  timedtask.MatchTimedTask - -->  task
2017-04-11 09:21:38,005 INFO  timedtask.MatchTimedTask - -->  task
2017-04-11 09:21:39,003 INFO  timedtask.MatchTimedTask - -->  task
2017-04-11 09:21:40,003 INFO  timedtask.MatchTimedTask - -->  task
2017-04-11 09:21:41,005 INFO  timedtask.MatchTimedTask - -->  task
2017-04-11 09:21:42,003 INFO  timedtask.MatchTimedTask - -->  task
2017-04-11 09:21:43,003 INFO  timedtask.MatchTimedTask - -->  task
2017-04-11 09:21:44,005 INFO  timedtask.MatchTimedTask - -->  task
2017-04-11 09:21:45,004 INFO  timedtask.MatchTimedTask - -->  task
2017-04-11 09:21:46,001 INFO  timedtask.MatchTimedTask - -->  task
2017-04-11 09:21:47,004 INFO  timedtask.MatchTimedTask - -->  task
2017-04-11 09:21:48,004 INFO  timedtask.MatchTimedTask - -->  task
2017-04-11 09:21:49,005 INFO  timedtask.MatchTimedTask - -->  task
2017-04-11 09:21:50,003 INFO  timedtask.MatchTimedTask - -->  task
2017-04-11 09:21:51,000 INFO  timedtask.MatchTimedTask - -->  task
2017-04-11 09:21:52,001 INFO  timedtask.MatchTimedTask - -->  task
2017-04-11 09:21:53,000 INFO  timedtask.MatchTimedTask - -->  task
2017-04-11 09:21:54,004 INFO  timedtask.MatchTimedTask - -->  task
2017-04-11 09:21:55,004 INFO  timedtask.MatchTimedTask - -->  task
2017-04-11 09:21:56,005 INFO  timedtask.MatchTimedTask - -->  task
2017-04-11 12:18:52,003 INFO  timedtask.MatchTimedTask - -->  task
2017-04-11 12:18:53,005 INFO  timedtask.MatchTimedTask - -->  task
2017-04-11 12:18:54,000 INFO  timedtask.MatchTimedTask - -->  task
2017-04-11 12:18:55,005 INFO  timedtask.MatchTimedTask - -->  task
2017-04-11 12:18:56,005 INFO  timedtask.MatchTimedTask - -->  task
2017-04-11 12:18:57,004 INFO  timedtask.MatchTimedTask - -->  task
2017-04-11 12:18:58,002 INFO  timedtask.MatchTimedTask - -->  task
2017-04-11 12:18:59,002 INFO  timedtask.MatchTimedTask - -->  task
2017-04-11 12:19:00,001 INFO  timedtask.MatchTimedTask - -->  task
2017-04-11 12:19:01,004 INFO  timedtask.MatchTimedTask - -->  task
2017-04-11 12:19:02,003 INFO  timedtask.MatchTimedTask - -->  task
2017-04-11 12:19:03,001 INFO  timedtask.MatchTimedTask - -->  task
2017-04-11 12:19:04,005 INFO  timedtask.MatchTimedTask - -->  task
2017-04-11 12:19:05,002 INFO  timedtask.MatchTimedTask - -->  task
2017-04-11 12:19:06,004 INFO  timedtask.MatchTimedTask - -->  task
2017-04-11 12:19:07,001 INFO  timedtask.MatchTimedTask - -->  task
2017-04-11 12:19:08,000 INFO  timedtask.MatchTimedTask - -->  task
2017-04-11 12:19:09,003 INFO  timedtask.MatchTimedTask - -->  task
2017-04-11 12:19:10,003 INFO  timedtask.MatchTimedTask - -->  task
2017-04-11 12:19:11,001 INFO  timedtask.MatchTimedTask - -->  task
2017-04-11 12:19:12,004 INFO  timedtask.MatchTimedTask - -->  task
2017-04-11 12:19:13,000 INFO  timedtask.MatchTimedTask - -->  task
2017-04-11 12:19:14,000 INFO  timedtask.MatchTimedTask - -->  task
2017-04-11 12:19:15,001 INFO  timedtask.MatchTimedTask - -->  task
2017-04-11 12:19:16,004 INFO  timedtask.MatchTimedTask - -->  task
2017-04-11 12:19:17,002 INFO  timedtask.MatchTimedTask - -->  task
2017-04-11 12:19:18,004 INFO  timedtask.MatchTimedTask - -->  task
2017-04-11 12:19:19,004 INFO  timedtask.MatchTimedTask - -->  task
2017-04-11 12:19:20,005 INFO  timedtask.MatchTimedTask - -->  task
2017-04-11 12:19:21,004 INFO  timedtask.MatchTimedTask - -->  task
2017-04-11 12:19:22,002 INFO  timedtask.MatchTimedTask - -->  task
2017-04-11 12:19:23,001 INFO  timedtask.MatchTimedTask - -->  task
2017-04-11 12:19:24,003 INFO  timedtask.MatchTimedTask - -->  task
2017-04-11 12:19:25,002 INFO  timedtask.MatchTimedTask - -->  task
2017-04-11 12:19:26,006 INFO  timedtask.MatchTimedTask - -->  task
2017-04-11 12:19:27,003 INFO  timedtask.MatchTimedTask - -->  task
2017-04-11 12:19:28,003 INFO  timedtask.MatchTimedTask - -->  task
2017-04-11 12:19:29,003 INFO  timedtask.MatchTimedTask - -->  task
2017-04-11 12:19:30,004 INFO  timedtask.MatchTimedTask - -->  task
2017-04-11 12:19:31,000 INFO  timedtask.MatchTimedTask - -->  task
2017-04-11 12:19:32,003 INFO  timedtask.MatchTimedTask - -->  task
2017-04-11 12:19:33,006 INFO  timedtask.MatchTimedTask - -->  task
2017-04-11 12:19:34,002 INFO  timedtask.MatchTimedTask - -->  task
2017-04-11 12:19:35,002 INFO  timedtask.MatchTimedTask - -->  task
2017-04-11 12:19:36,004 INFO  timedtask.MatchTimedTask - -->  task
2017-04-11 12:19:37,005 INFO  timedtask.MatchTimedTask - -->  task
2017-04-11 12:19:38,003 INFO  timedtask.MatchTimedTask - -->  task
2017-04-11 12:19:39,005 INFO  timedtask.MatchTimedTask - -->  task
2017-04-11 12:19:40,006 INFO  timedtask.MatchTimedTask - -->  task
2017-04-11 12:19:41,001 INFO  timedtask.MatchTimedTask - -->  task
2017-04-11 12:19:42,003 INFO  timedtask.MatchTimedTask - -->  task
2017-04-11 12:19:43,002 INFO  timedtask.MatchTimedTask - -->  task
2017-04-11 12:19:44,001 INFO  timedtask.MatchTimedTask - -->  task
2017-04-11 12:19:45,004 INFO  timedtask.MatchTimedTask - -->  task
2017-04-11 12:19:46,005 INFO  timedtask.MatchTimedTask - -->  task
2017-04-11 12:19:47,001 INFO  timedtask.MatchTimedTask - -->  task
2017-04-11 12:19:48,004 INFO  timedtask.MatchTimedTask - -->  task
2017-04-11 12:19:49,002 INFO  timedtask.MatchTimedTask - -->  task
2017-04-11 12:19:50,003 INFO  timedtask.MatchTimedTask - -->  task
2017-04-11 12:19:51,004 INFO  timedtask.MatchTimedTask - -->  task
2017-04-11 12:19:52,004 INFO  timedtask.MatchTimedTask - -->  task
2017-04-11 12:19:53,003 INFO  timedtask.MatchTimedTask - -->  task
2017-04-11 12:19:54,001 INFO  timedtask.MatchTimedTask - -->  task
2017-04-11 12:19:55,001 INFO  timedtask.MatchTimedTask - -->  task
2017-04-11 12:19:56,001 INFO  timedtask.MatchTimedTask - -->  task
2017-04-11 12:19:57,002 INFO  timedtask.MatchTimedTask - -->  task
2017-04-11 12:19:58,001 INFO  timedtask.MatchTimedTask - -->  task
2017-04-11 12:19:59,004 INFO  timedtask.MatchTimedTask - -->  task
2017-04-11 12:20:00,001 INFO  timedtask.MatchTimedTask - -->  task
2017-04-11 12:20:01,003 INFO  timedtask.MatchTimedTask - -->  task
2017-04-11 12:20:02,002 INFO  timedtask.MatchTimedTask - -->  task
2017-04-11 12:20:03,001 INFO  timedtask.MatchTimedTask - -->  task
2017-04-11 12:20:04,002 INFO  timedtask.MatchTimedTask - -->  task
2017-04-11 12:20:05,001 INFO  timedtask.MatchTimedTask - -->  task
2017-04-11 12:20:06,004 INFO  timedtask.MatchTimedTask - -->  task
2017-04-11 12:20:07,004 INFO  timedtask.MatchTimedTask - -->  task
2017-04-11 12:20:08,003 INFO  timedtask.MatchTimedTask - -->  task
2017-04-11 12:20:09,003 INFO  timedtask.MatchTimedTask - -->  task
2017-04-11 12:20:10,003 INFO  timedtask.MatchTimedTask - -->  task
2017-04-11 12:20:11,001 INFO  timedtask.MatchTimedTask - -->  task
2017-04-11 12:20:12,003 INFO  timedtask.MatchTimedTask - -->  task
2017-04-11 12:20:13,005 INFO  timedtask.MatchTimedTask - -->  task
2017-04-11 12:20:14,004 INFO  timedtask.MatchTimedTask - -->  task
2017-04-11 12:20:15,003 INFO  timedtask.MatchTimedTask - -->  task
2017-04-11 12:20:16,003 INFO  timedtask.MatchTimedTask - -->  task
2017-04-11 12:20:16,982 INFO  controller.IndexController - 取得的用户名为：1
2017-04-11 12:20:17,004 INFO  timedtask.MatchTimedTask - -->  task
2017-04-11 12:20:17,039 INFO  impl.AbstractPoolBackedDataSource - Initializing c3p0 pool... com.mchange.v2.c3p0.ComboPooledDataSource [ acquireIncrement -> 3, acquireRetryAttempts -> 30, acquireRetryDelay -> 1000, autoCommitOnClose -> false, automaticTestTable -> null, breakAfterAcquireFailure -> true, checkoutTimeout -> 0, connectionCustomizerClassName -> null, connectionTesterClassName -> com.mchange.v2.c3p0.impl.DefaultConnectionTester, dataSourceName -> 2yy8s19npbbrax1wk3cl4|53022134, debugUnreturnedConnectionStackTraces -> false, description -> null, driverClass -> com.mysql.jdbc.Driver, factoryClassLocation -> null, forceIgnoreUnresolvedTransactions -> false, identityToken -> 2yy8s19npbbrax1wk3cl4|53022134, idleConnectionTestPeriod -> 60, initialPoolSize -> 10, jdbcUrl -> jdbc:mysql://localhost:3306/type, maxAdministrativeTaskTime -> 0, maxConnectionAge -> 0, maxIdleTime -> 1800, maxIdleTimeExcessConnections -> 0, maxPoolSize -> 100, maxStatements -> 1000, maxStatementsPerConnection -> 0, minPoolSize -> 10, numHelperThreads -> 3, numThreadsAwaitingCheckoutDefaultUser -> 0, preferredTestQuery -> null, properties -> {user=******, password=******}, propertyCycle -> 0, testConnectionOnCheckin -> false, testConnectionOnCheckout -> false, unreturnedConnectionTimeout -> 0, usesTraditionalReflectiveProxies -> false ]
2017-04-11 12:20:18,005 INFO  timedtask.MatchTimedTask - -->  task
2017-04-11 12:20:18,873 INFO  controller.IndexController - 取得的用户名为：2
2017-04-11 12:20:19,003 INFO  timedtask.MatchTimedTask - -->  task
2017-04-11 12:20:19,041 INFO  controller.IndexController - 取得的用户名为：22
2017-04-11 12:20:20,005 INFO  timedtask.MatchTimedTask - -->  task
2017-04-11 12:20:20,436 INFO  controller.IndexController - 取得的用户名为：222222
2017-04-11 12:20:21,000 INFO  timedtask.MatchTimedTask - -->  task
2017-04-11 12:20:22,004 INFO  timedtask.MatchTimedTask - -->  task
2017-04-11 12:20:22,113 INFO  controller.IndexController - loginVolidate取得的用户名和密码为：222222,1
2017-04-11 12:20:22,283 INFO  controller.IndexController - loginVolidate取得的用户名和密码为：222222,11
2017-04-11 12:20:22,428 INFO  controller.IndexController - loginVolidate取得的用户名和密码为：222222,111
2017-04-11 12:20:23,002 INFO  timedtask.MatchTimedTask - -->  task
2017-04-11 12:20:24,000 INFO  timedtask.MatchTimedTask - -->  task
2017-04-11 12:20:25,002 INFO  timedtask.MatchTimedTask - -->  task
2017-04-11 12:20:26,004 INFO  timedtask.MatchTimedTask - -->  task
2017-04-11 12:20:26,594 INFO  controller.IndexController - login取得的用户名和密码为：222222,111
2017-04-11 12:20:27,005 INFO  timedtask.MatchTimedTask - -->  task
2017-04-11 12:20:28,002 INFO  timedtask.MatchTimedTask - -->  task
2017-04-11 12:20:29,002 INFO  timedtask.MatchTimedTask - -->  task
2017-04-11 12:20:30,005 INFO  timedtask.MatchTimedTask - -->  task
2017-04-11 12:20:31,000 INFO  timedtask.MatchTimedTask - -->  task
2017-04-11 12:20:32,004 INFO  timedtask.MatchTimedTask - -->  task
2017-04-11 12:20:33,004 INFO  timedtask.MatchTimedTask - -->  task
2017-04-11 12:20:34,005 INFO  timedtask.MatchTimedTask - -->  task
2017-04-11 12:20:35,004 INFO  timedtask.MatchTimedTask - -->  task
2017-04-11 12:20:36,005 INFO  timedtask.MatchTimedTask - -->  task
2017-04-11 12:20:37,001 INFO  timedtask.MatchTimedTask - -->  task
2017-04-11 12:20:38,003 INFO  timedtask.MatchTimedTask - -->  task
2017-04-11 12:20:39,000 INFO  timedtask.MatchTimedTask - -->  task
2017-04-11 12:20:40,004 INFO  timedtask.MatchTimedTask - -->  task
2017-04-11 12:20:41,004 INFO  timedtask.MatchTimedTask - -->  task
2017-04-11 12:20:42,000 INFO  timedtask.MatchTimedTask - -->  task
2017-04-11 12:20:43,001 INFO  timedtask.MatchTimedTask - -->  task
2017-04-11 12:20:44,003 INFO  timedtask.MatchTimedTask - -->  task
2017-04-11 12:20:45,005 INFO  timedtask.MatchTimedTask - -->  task
2017-04-11 12:20:46,003 INFO  timedtask.MatchTimedTask - -->  task
2017-04-11 12:20:47,005 INFO  timedtask.MatchTimedTask - -->  task
2017-04-11 12:20:48,003 INFO  timedtask.MatchTimedTask - -->  task
2017-04-11 12:20:49,005 INFO  timedtask.MatchTimedTask - -->  task
2017-04-11 12:20:50,003 INFO  timedtask.MatchTimedTask - -->  task
2017-04-11 12:20:51,004 INFO  timedtask.MatchTimedTask - -->  task
2017-04-11 12:20:52,005 INFO  timedtask.MatchTimedTask - -->  task
2017-04-11 12:20:53,000 INFO  timedtask.MatchTimedTask - -->  task
2017-04-11 12:20:54,002 INFO  timedtask.MatchTimedTask - -->  task
2017-04-11 12:20:55,002 INFO  timedtask.MatchTimedTask - -->  task
2017-04-11 12:20:56,002 INFO  timedtask.MatchTimedTask - -->  task
2017-04-11 12:20:57,004 INFO  timedtask.MatchTimedTask - -->  task
2017-04-11 12:20:58,001 INFO  timedtask.MatchTimedTask - -->  task
2017-04-11 12:20:59,003 INFO  timedtask.MatchTimedTask - -->  task
2017-04-11 12:21:00,001 INFO  timedtask.MatchTimedTask - -->  task
2017-04-11 12:21:01,001 INFO  timedtask.MatchTimedTask - -->  task
2017-04-11 12:21:02,003 INFO  timedtask.MatchTimedTask - -->  task
2017-04-11 12:21:03,001 INFO  timedtask.MatchTimedTask - -->  task
2017-04-11 12:21:04,001 INFO  timedtask.MatchTimedTask - -->  task
2017-04-11 12:21:05,001 INFO  timedtask.MatchTimedTask - -->  task
2017-04-11 12:21:06,002 INFO  timedtask.MatchTimedTask - -->  task
2017-04-11 12:21:07,003 INFO  timedtask.MatchTimedTask - -->  task
2017-04-11 12:21:08,003 INFO  timedtask.MatchTimedTask - -->  task
2017-04-11 12:21:09,006 INFO  timedtask.MatchTimedTask - -->  task
2017-04-11 12:21:10,003 INFO  timedtask.MatchTimedTask - -->  task
2017-04-11 12:21:11,003 INFO  timedtask.MatchTimedTask - -->  task
2017-04-11 12:21:12,005 INFO  timedtask.MatchTimedTask - -->  task
2017-04-11 12:21:13,001 INFO  timedtask.MatchTimedTask - -->  task
2017-04-11 12:21:14,003 INFO  timedtask.MatchTimedTask - -->  task
2017-04-11 12:21:15,005 INFO  timedtask.MatchTimedTask - -->  task
2017-04-11 12:21:16,003 INFO  timedtask.MatchTimedTask - -->  task
2017-04-11 12:21:17,002 INFO  timedtask.MatchTimedTask - -->  task
2017-04-11 12:21:18,001 INFO  timedtask.MatchTimedTask - -->  task
2017-04-11 12:21:19,004 INFO  timedtask.MatchTimedTask - -->  task
2017-04-11 12:21:20,003 INFO  timedtask.MatchTimedTask - -->  task
2017-04-11 12:21:21,003 INFO  timedtask.MatchTimedTask - -->  task
2017-04-11 12:21:22,003 INFO  timedtask.MatchTimedTask - -->  task
2017-04-11 12:21:23,003 INFO  timedtask.MatchTimedTask - -->  task
2017-04-11 12:21:24,002 INFO  timedtask.MatchTimedTask - -->  task
2017-04-11 12:21:25,000 INFO  timedtask.MatchTimedTask - -->  task
2017-04-11 12:21:26,003 INFO  timedtask.MatchTimedTask - -->  task
2017-04-11 12:21:27,005 INFO  timedtask.MatchTimedTask - -->  task
2017-04-11 12:21:28,001 INFO  timedtask.MatchTimedTask - -->  task
2017-04-11 12:21:29,002 INFO  timedtask.MatchTimedTask - -->  task
2017-04-11 12:21:30,003 INFO  timedtask.MatchTimedTask - -->  task
2017-04-11 12:21:31,001 INFO  timedtask.MatchTimedTask - -->  task
2017-04-11 12:21:32,000 INFO  timedtask.MatchTimedTask - -->  task
2017-04-11 12:21:33,005 INFO  timedtask.MatchTimedTask - -->  task
2017-04-11 12:21:34,004 INFO  timedtask.MatchTimedTask - -->  task
2017-04-11 12:21:35,003 INFO  timedtask.MatchTimedTask - -->  task
2017-04-11 12:21:36,000 INFO  timedtask.MatchTimedTask - -->  task
2017-04-11 12:21:37,004 INFO  timedtask.MatchTimedTask - -->  task
2017-04-11 12:21:38,002 INFO  timedtask.MatchTimedTask - -->  task
2017-04-11 12:21:39,001 INFO  timedtask.MatchTimedTask - -->  task
2017-04-11 12:21:40,002 INFO  timedtask.MatchTimedTask - -->  task
2017-04-11 12:21:41,002 INFO  timedtask.MatchTimedTask - -->  task
2017-04-11 12:21:42,006 INFO  timedtask.MatchTimedTask - -->  task
2017-04-11 12:21:43,005 INFO  timedtask.MatchTimedTask - -->  task
2017-04-11 12:21:44,002 INFO  timedtask.MatchTimedTask - -->  task
2017-04-11 12:21:45,004 INFO  timedtask.MatchTimedTask - -->  task
2017-04-11 12:21:46,004 INFO  timedtask.MatchTimedTask - -->  task
2017-04-11 12:21:47,002 INFO  timedtask.MatchTimedTask - -->  task
2017-04-11 12:21:48,003 INFO  timedtask.MatchTimedTask - -->  task
2017-04-11 12:21:49,002 INFO  timedtask.MatchTimedTask - -->  task
2017-04-11 12:21:50,002 INFO  timedtask.MatchTimedTask - -->  task
2017-04-11 12:21:51,003 INFO  timedtask.MatchTimedTask - -->  task
2017-04-11 12:21:52,004 INFO  timedtask.MatchTimedTask - -->  task
2017-04-11 12:21:53,003 INFO  timedtask.MatchTimedTask - -->  task
2017-04-11 12:21:54,004 INFO  timedtask.MatchTimedTask - -->  task
2017-04-11 12:21:55,001 INFO  timedtask.MatchTimedTask - -->  task
2017-04-11 12:21:56,001 INFO  timedtask.MatchTimedTask - -->  task
2017-04-11 12:21:57,001 INFO  timedtask.MatchTimedTask - -->  task
2017-04-11 12:21:58,003 INFO  timedtask.MatchTimedTask - -->  task
2017-04-11 12:21:59,003 INFO  timedtask.MatchTimedTask - -->  task
2017-04-11 12:22:00,002 INFO  timedtask.MatchTimedTask - -->  task
2017-04-11 12:22:01,002 INFO  timedtask.MatchTimedTask - -->  task
2017-04-11 12:22:02,000 INFO  timedtask.MatchTimedTask - -->  task
2017-04-11 12:22:03,003 INFO  timedtask.MatchTimedTask - -->  task
2017-04-11 12:22:04,002 INFO  timedtask.MatchTimedTask - -->  task
2017-04-11 12:22:05,005 INFO  timedtask.MatchTimedTask - -->  task
2017-04-11 12:22:06,004 INFO  timedtask.MatchTimedTask - -->  task
2017-04-11 12:22:07,003 INFO  timedtask.MatchTimedTask - -->  task
2017-04-11 12:22:08,001 INFO  timedtask.MatchTimedTask - -->  task
2017-04-11 12:22:09,001 INFO  timedtask.MatchTimedTask - -->  task
2017-04-11 12:22:10,004 INFO  timedtask.MatchTimedTask - -->  task
2017-04-11 12:22:11,005 INFO  timedtask.MatchTimedTask - -->  task
2017-04-11 12:22:12,003 INFO  timedtask.MatchTimedTask - -->  task
2017-04-11 12:22:13,005 INFO  timedtask.MatchTimedTask - -->  task
2017-04-11 12:22:14,004 INFO  timedtask.MatchTimedTask - -->  task
2017-04-11 12:22:15,001 INFO  timedtask.MatchTimedTask - -->  task
2017-04-11 12:22:16,004 INFO  timedtask.MatchTimedTask - -->  task
2017-04-11 12:22:17,004 INFO  timedtask.MatchTimedTask - -->  task
2017-04-11 12:22:18,001 INFO  timedtask.MatchTimedTask - -->  task
2017-04-11 12:22:19,003 INFO  timedtask.MatchTimedTask - -->  task
2017-04-11 12:22:20,002 INFO  timedtask.MatchTimedTask - -->  task
2017-04-11 12:22:21,001 INFO  timedtask.MatchTimedTask - -->  task
2017-04-11 12:22:22,003 INFO  timedtask.MatchTimedTask - -->  task
2017-04-11 12:22:23,001 INFO  timedtask.MatchTimedTask - -->  task
2017-04-11 12:22:24,004 INFO  timedtask.MatchTimedTask - -->  task
2017-04-11 12:22:25,004 INFO  timedtask.MatchTimedTask - -->  task
2017-04-11 12:22:26,000 INFO  timedtask.MatchTimedTask - -->  task
2017-04-11 12:22:27,005 INFO  timedtask.MatchTimedTask - -->  task
2017-04-11 12:22:28,000 INFO  timedtask.MatchTimedTask - -->  task
2017-04-11 12:22:29,001 INFO  timedtask.MatchTimedTask - -->  task
2017-04-11 12:22:30,000 INFO  timedtask.MatchTimedTask - -->  task
2017-04-11 12:22:31,003 INFO  timedtask.MatchTimedTask - -->  task
2017-04-11 12:22:32,004 INFO  timedtask.MatchTimedTask - -->  task
2017-04-11 12:22:33,000 INFO  timedtask.MatchTimedTask - -->  task
2017-04-11 12:22:34,002 INFO  timedtask.MatchTimedTask - -->  task
2017-04-11 12:22:35,001 INFO  timedtask.MatchTimedTask - -->  task
2017-04-11 12:22:36,003 INFO  timedtask.MatchTimedTask - -->  task
2017-04-11 12:22:37,001 INFO  timedtask.MatchTimedTask - -->  task
2017-04-11 12:22:38,006 INFO  timedtask.MatchTimedTask - -->  task
2017-04-11 12:22:39,005 INFO  timedtask.MatchTimedTask - -->  task
2017-04-11 12:22:40,004 INFO  timedtask.MatchTimedTask - -->  task
2017-04-11 12:22:41,006 INFO  timedtask.MatchTimedTask - -->  task
2017-04-11 12:22:42,002 INFO  timedtask.MatchTimedTask - -->  task
2017-04-11 12:22:43,004 INFO  timedtask.MatchTimedTask - -->  task
2017-04-11 12:22:44,006 INFO  timedtask.MatchTimedTask - -->  task
2017-04-11 12:22:45,002 INFO  timedtask.MatchTimedTask - -->  task
2017-04-11 12:22:46,000 INFO  timedtask.MatchTimedTask - -->  task
2017-04-11 12:22:47,004 INFO  timedtask.MatchTimedTask - -->  task
2017-04-11 12:22:48,000 INFO  timedtask.MatchTimedTask - -->  task
2017-04-11 12:22:49,001 INFO  timedtask.MatchTimedTask - -->  task
2017-04-11 12:22:50,000 INFO  timedtask.MatchTimedTask - -->  task
2017-04-11 12:22:51,003 INFO  timedtask.MatchTimedTask - -->  task
2017-04-11 12:22:52,003 INFO  timedtask.MatchTimedTask - -->  task
2017-04-11 12:22:53,004 INFO  timedtask.MatchTimedTask - -->  task
2017-04-11 12:22:54,001 INFO  timedtask.MatchTimedTask - -->  task
2017-04-11 12:22:55,001 INFO  timedtask.MatchTimedTask - -->  task
2017-04-11 12:22:56,001 INFO  timedtask.MatchTimedTask - -->  task
2017-04-11 12:22:57,004 INFO  timedtask.MatchTimedTask - -->  task
2017-04-11 12:22:58,002 INFO  timedtask.MatchTimedTask - -->  task
2017-04-11 12:22:59,004 INFO  timedtask.MatchTimedTask - -->  task
2017-04-11 12:23:00,003 INFO  timedtask.MatchTimedTask - -->  task
2017-04-11 12:23:01,006 INFO  timedtask.MatchTimedTask - -->  task
2017-04-11 12:23:01,155 INFO  controller.IndexController - login取得的用户名和密码为：null,null
2017-04-11 12:23:02,002 INFO  timedtask.MatchTimedTask - -->  task
2017-04-11 12:23:03,002 INFO  timedtask.MatchTimedTask - -->  task
2017-04-11 12:23:04,002 INFO  timedtask.MatchTimedTask - -->  task
2017-04-11 12:23:05,002 INFO  timedtask.MatchTimedTask - -->  task
2017-04-11 12:23:06,004 INFO  timedtask.MatchTimedTask - -->  task
2017-04-11 12:23:07,005 INFO  timedtask.MatchTimedTask - -->  task
2017-04-11 12:23:08,006 INFO  timedtask.MatchTimedTask - -->  task
2017-04-11 12:23:09,000 INFO  timedtask.MatchTimedTask - -->  task
2017-04-11 12:23:10,000 INFO  timedtask.MatchTimedTask - -->  task
2017-04-11 12:23:11,003 INFO  timedtask.MatchTimedTask - -->  task
2017-04-11 12:23:12,000 INFO  timedtask.MatchTimedTask - -->  task
2017-04-11 12:23:13,005 INFO  timedtask.MatchTimedTask - -->  task
2017-04-11 12:23:14,002 INFO  timedtask.MatchTimedTask - -->  task
2017-04-11 12:23:15,001 INFO  timedtask.MatchTimedTask - -->  task
2017-04-11 12:23:16,004 INFO  timedtask.MatchTimedTask - -->  task
2017-04-11 12:23:17,005 INFO  timedtask.MatchTimedTask - -->  task
2017-04-11 12:23:18,001 INFO  timedtask.MatchTimedTask - -->  task
2017-04-11 12:23:19,005 INFO  timedtask.MatchTimedTask - -->  task
2017-04-11 12:23:20,004 INFO  timedtask.MatchTimedTask - -->  task
2017-04-11 12:23:21,001 INFO  timedtask.MatchTimedTask - -->  task
2017-04-11 12:23:22,004 INFO  timedtask.MatchTimedTask - -->  task
2017-04-11 12:23:23,002 INFO  timedtask.MatchTimedTask - -->  task
2017-04-11 12:23:23,560 INFO  controller.IndexController - 取得的用户名为：d
2017-04-11 12:23:23,669 INFO  controller.IndexController - 取得的用户名为：dd
2017-04-11 12:23:24,005 INFO  timedtask.MatchTimedTask - -->  task
2017-04-11 12:23:25,001 INFO  timedtask.MatchTimedTask - -->  task
2017-04-11 12:23:25,664 INFO  controller.IndexController - loginVolidate取得的用户名和密码为：dd,d
2017-04-11 12:23:26,001 INFO  timedtask.MatchTimedTask - -->  task
2017-04-11 12:23:26,912 INFO  controller.IndexController - login取得的用户名和密码为：dd,d
2017-04-11 12:23:27,002 INFO  timedtask.MatchTimedTask - -->  task
2017-04-11 12:23:28,001 INFO  timedtask.MatchTimedTask - -->  task
2017-04-11 12:23:29,005 INFO  timedtask.MatchTimedTask - -->  task
2017-04-11 12:23:30,002 INFO  timedtask.MatchTimedTask - -->  task
2017-04-11 12:23:31,000 INFO  timedtask.MatchTimedTask - -->  task
2017-04-11 12:23:32,005 INFO  timedtask.MatchTimedTask - -->  task
2017-04-11 12:23:33,000 INFO  timedtask.MatchTimedTask - -->  task
2017-04-11 12:23:34,002 INFO  timedtask.MatchTimedTask - -->  task
2017-04-11 12:23:35,005 INFO  timedtask.MatchTimedTask - -->  task
2017-04-11 12:23:35,949 INFO  websocket.WebsocketEndPoint - connect to the websocket success......
2017-04-11 12:23:36,003 INFO  timedtask.MatchTimedTask - -->  task
2017-04-11 12:23:37,004 INFO  timedtask.MatchTimedTask - -->  task
2017-04-11 12:23:38,005 INFO  timedtask.MatchTimedTask - -->  task
2017-04-11 12:23:39,005 INFO  timedtask.MatchTimedTask - -->  task
2017-04-11 12:23:40,001 INFO  timedtask.MatchTimedTask - -->  task
2017-04-11 12:23:41,001 INFO  timedtask.MatchTimedTask - -->  task
2017-04-11 12:23:41,595 INFO  websocket.WebsocketEndPoint - connect to the websocket success......
2017-04-11 12:23:42,003 INFO  timedtask.MatchTimedTask - -->  task
2017-04-11 12:23:43,006 INFO  timedtask.MatchTimedTask - -->  task
2017-04-11 12:23:44,000 INFO  timedtask.MatchTimedTask - -->  task
2017-04-11 12:23:45,005 INFO  timedtask.MatchTimedTask - -->  task
2017-04-11 12:23:46,003 INFO  timedtask.MatchTimedTask - -->  task
2017-04-11 12:23:47,004 INFO  timedtask.MatchTimedTask - -->  task
2017-04-11 12:23:48,005 INFO  timedtask.MatchTimedTask - -->  task
2017-04-11 12:23:49,004 INFO  timedtask.MatchTimedTask - -->  task
2017-04-11 12:23:50,003 INFO  timedtask.MatchTimedTask - -->  task
2017-04-11 12:23:51,000 INFO  timedtask.MatchTimedTask - -->  task
2017-04-11 12:23:52,004 INFO  timedtask.MatchTimedTask - -->  task
2017-04-11 12:23:53,005 INFO  timedtask.MatchTimedTask - -->  task
2017-04-11 12:23:54,002 INFO  timedtask.MatchTimedTask - -->  task
2017-04-11 12:23:55,003 INFO  timedtask.MatchTimedTask - -->  task
2017-04-11 12:23:56,005 INFO  timedtask.MatchTimedTask - -->  task
2017-04-11 12:23:57,004 INFO  timedtask.MatchTimedTask - -->  task
2017-04-11 12:23:58,003 INFO  timedtask.MatchTimedTask - -->  task
2017-04-11 12:23:59,001 INFO  timedtask.MatchTimedTask - -->  task
2017-04-11 12:24:00,000 INFO  timedtask.MatchTimedTask - -->  task
2017-04-11 12:24:01,003 INFO  timedtask.MatchTimedTask - -->  task
2017-04-11 12:24:02,002 INFO  timedtask.MatchTimedTask - -->  task
2017-04-11 12:24:03,001 INFO  timedtask.MatchTimedTask - -->  task
2017-04-11 12:24:04,004 INFO  timedtask.MatchTimedTask - -->  task
2017-04-11 12:41:47,715 INFO  controller.IndexController - loginVolidate取得的用户名和密码为：222222,2
2017-04-11 12:41:47,770 INFO  impl.AbstractPoolBackedDataSource - Initializing c3p0 pool... com.mchange.v2.c3p0.ComboPooledDataSource [ acquireIncrement -> 3, acquireRetryAttempts -> 30, acquireRetryDelay -> 1000, autoCommitOnClose -> false, automaticTestTable -> null, breakAfterAcquireFailure -> true, checkoutTimeout -> 0, connectionCustomizerClassName -> null, connectionTesterClassName -> com.mchange.v2.c3p0.impl.DefaultConnectionTester, dataSourceName -> 2yy8s19npc54y5jwcyvc|537ded3e, debugUnreturnedConnectionStackTraces -> false, description -> null, driverClass -> com.mysql.jdbc.Driver, factoryClassLocation -> null, forceIgnoreUnresolvedTransactions -> false, identityToken -> 2yy8s19npc54y5jwcyvc|537ded3e, idleConnectionTestPeriod -> 60, initialPoolSize -> 10, jdbcUrl -> jdbc:mysql://localhost:3306/type, maxAdministrativeTaskTime -> 0, maxConnectionAge -> 0, maxIdleTime -> 1800, maxIdleTimeExcessConnections -> 0, maxPoolSize -> 100, maxStatements -> 1000, maxStatementsPerConnection -> 0, minPoolSize -> 10, numHelperThreads -> 3, numThreadsAwaitingCheckoutDefaultUser -> 0, preferredTestQuery -> null, properties -> {user=******, password=******}, propertyCycle -> 0, testConnectionOnCheckin -> false, testConnectionOnCheckout -> false, unreturnedConnectionTimeout -> 0, usesTraditionalReflectiveProxies -> false ]
2017-04-11 12:41:49,780 INFO  controller.IndexController - loginVolidate取得的用户名和密码为：222222,1
2017-04-11 12:41:50,196 INFO  controller.IndexController - loginVolidate取得的用户名和密码为：222222,11
2017-04-11 12:41:50,453 INFO  controller.IndexController - loginVolidate取得的用户名和密码为：222222,111
2017-04-11 12:41:51,388 INFO  controller.IndexController - 取得的用户名为：222222
2017-04-11 12:41:51,405 INFO  controller.IndexController - login取得的用户名和密码为：222222,111
2017-04-11 12:42:03,341 INFO  controller.IndexController - loginVolidate取得的用户名和密码为：dd,d
2017-04-11 12:42:04,292 INFO  controller.IndexController - login取得的用户名和密码为：dd,d
2017-04-11 12:42:05,491 INFO  websocket.WebsocketEndPoint - connect to the websocket success......
2017-04-11 12:42:07,618 INFO  websocket.WebsocketEndPoint - connect to the websocket success......
2017-04-11 12:42:07,619 INFO  service.WebSocketService - 匹配结果---UserMatch{userMatchId='149188572761938', letterQueue=[d, z, y, m, s, w, k, h, z, i, f, j, t, l, f, f, t, p, t, a, y, d, x, g, f, u, z, r, u, c, f, o, o, r, x, j, e, j, g, u, b, a, d, h, s, o, q, m, p, h, y, z, q, u, g, h, u, k, a, p, d, p, i, a, u, b, p, o, w, h, y, a, y, a, u, c, m, n, u, y, b, p, s, e, x, z, q, q, v, v, q, f, p, q, e, k, v, v, s, w], countLetter=100, userWebSocket1=UserWebSocket{userName='222222', session=null, state=1, score=0, opponent=null}, userWebSocket2=null}
2017-04-11 12:43:58,651 INFO  websocket.WebsocketEndPoint - connect to the websocket success......
2017-04-11 12:44:08,512 INFO  websocket.WebsocketEndPoint - connect to the websocket success......
2017-04-11 12:44:08,514 INFO  service.WebSocketService - 匹配结果---UserMatch{userMatchId='149188584851454', letterQueue=[p, x, u, a, w, u, k, a, n, b, t, t, l, p, m, c, x, z, j, i, h, s, t, e, j, u, g, n, a, t, d, h, z, y, e, i, d, a, e, d, h, x, k, c, g, g, e, k, r, s, c, g, n, j, b, c, n, g, h, r, z, t, b, f, v, k, z, g, d, n, d, u, d, k, u, a, q, a, n, r, n, c, o, a, m, f, d, g, y, q, p, o, e, a, v, x, l, p, s, m], countLetter=100, userWebSocket1=UserWebSocket{userName='null', session=null, state=1, score=0, opponent=null}, userWebSocket2=UserWebSocket{userName='null', session=null, state=1, score=0, opponent=null}}
2017-04-11 12:44:39,300 INFO  websocket.WebsocketEndPoint - websocket connection closed......
2017-04-11 12:44:42,029 INFO  controller.IndexController - loginVolidate取得的用户名和密码为：222222,2
2017-04-11 12:44:42,084 INFO  impl.AbstractPoolBackedDataSource - Initializing c3p0 pool... com.mchange.v2.c3p0.ComboPooledDataSource [ acquireIncrement -> 3, acquireRetryAttempts -> 30, acquireRetryDelay -> 1000, autoCommitOnClose -> false, automaticTestTable -> null, breakAfterAcquireFailure -> true, checkoutTimeout -> 0, connectionCustomizerClassName -> null, connectionTesterClassName -> com.mchange.v2.c3p0.impl.DefaultConnectionTester, dataSourceName -> 2yy8s19npc7vy818lr6oz|72cc074b, debugUnreturnedConnectionStackTraces -> false, description -> null, driverClass -> com.mysql.jdbc.Driver, factoryClassLocation -> null, forceIgnoreUnresolvedTransactions -> false, identityToken -> 2yy8s19npc7vy818lr6oz|72cc074b, idleConnectionTestPeriod -> 60, initialPoolSize -> 10, jdbcUrl -> jdbc:mysql://localhost:3306/type, maxAdministrativeTaskTime -> 0, maxConnectionAge -> 0, maxIdleTime -> 1800, maxIdleTimeExcessConnections -> 0, maxPoolSize -> 100, maxStatements -> 1000, maxStatementsPerConnection -> 0, minPoolSize -> 10, numHelperThreads -> 3, numThreadsAwaitingCheckoutDefaultUser -> 0, preferredTestQuery -> null, properties -> {user=******, password=******}, propertyCycle -> 0, testConnectionOnCheckin -> false, testConnectionOnCheckout -> false, unreturnedConnectionTimeout -> 0, usesTraditionalReflectiveProxies -> false ]
2017-04-11 12:44:42,166 INFO  controller.IndexController - loginVolidate取得的用户名和密码为：222222,22
2017-04-11 12:44:43,280 INFO  controller.IndexController - loginVolidate取得的用户名和密码为：222222,222
2017-04-11 12:44:44,943 INFO  controller.IndexController - loginVolidate取得的用户名和密码为：222222,22
2017-04-11 12:44:45,112 INFO  controller.IndexController - loginVolidate取得的用户名和密码为：222222,2
2017-04-11 12:44:45,863 INFO  controller.IndexController - loginVolidate取得的用户名和密码为：222222,1
2017-04-11 12:44:46,023 INFO  controller.IndexController - loginVolidate取得的用户名和密码为：222222,11
2017-04-11 12:44:46,151 INFO  controller.IndexController - loginVolidate取得的用户名和密码为：222222,111
2017-04-11 12:44:47,444 INFO  controller.IndexController - 取得的用户名为：222222
2017-04-11 12:44:47,458 INFO  controller.IndexController - login取得的用户名和密码为：222222,111
2017-04-11 12:44:51,377 INFO  websocket.WebsocketEndPoint - websocket connection closed......
2017-04-11 12:44:55,767 INFO  controller.IndexController - loginVolidate取得的用户名和密码为：dd,d
2017-04-11 12:44:58,022 INFO  controller.IndexController - 取得的用户名为：dd
2017-04-11 12:44:58,047 INFO  controller.IndexController - login取得的用户名和密码为：dd,d
2017-04-11 12:45:07,441 INFO  websocket.WebsocketEndPoint - connect to the websocket success......
2017-04-11 12:45:14,214 INFO  websocket.WebsocketEndPoint - connect to the websocket success......
2017-04-11 12:45:14,215 INFO  service.WebSocketService - 匹配结果---UserMatch{userMatchId='149188591421400', letterQueue=[e, u, p, n, k, j, w, i, s, t, p, f, w, d, m, i, a, b, k, r, j, b, h, i, w, l, n, w, b, g, e, g, x, j, b, j, b, q, t, w, l, g, a, n, r, y, e, m, g, d, w, x, i, k, t, i, u, a, c, c, o, k, q, j, h, k, f, v, f, a, w, z, q, m, r, i, c, g, v, t, h, d, w, l, v, a, f, g, o, b, m, v, c, r, n, r, g, u, q, y], countLetter=100, userWebSocket1=UserWebSocket{userName='222222', session=null, state=1, score=0, opponent=null}, userWebSocket2=UserWebSocket{userName='dd', session=null, state=1, score=0, opponent=null}}
2017-04-11 12:49:45,830 INFO  controller.IndexController - 取得的用户名为：222222564
2017-04-11 12:49:47,655 INFO  controller.IndexController - loginVolidate取得的用户名和密码为：222222564,2
2017-04-11 12:49:47,808 INFO  controller.IndexController - loginVolidate取得的用户名和密码为：222222564,22
2017-04-11 12:49:49,414 INFO  controller.IndexController - login取得的用户名和密码为：222222564,22
2017-04-11 12:50:16,853 INFO  controller.IndexController - 取得的用户名为：2
2017-04-11 12:50:17,160 INFO  controller.IndexController - 取得的用户名为：21
2017-04-11 12:50:17,303 INFO  controller.IndexController - 取得的用户名为：213
2017-04-11 12:50:18,281 INFO  controller.IndexController - 取得的用户名为：213
2017-04-11 12:50:18,837 INFO  controller.IndexController - loginVolidate取得的用户名和密码为：213,2
2017-04-11 12:50:18,982 INFO  controller.IndexController - loginVolidate取得的用户名和密码为：213,22
2017-04-11 12:50:19,979 INFO  controller.IndexController - login取得的用户名和密码为：213,22
2017-04-11 12:50:26,845 INFO  websocket.WebsocketEndPoint - connect to the websocket success......
2017-04-11 12:50:36,457 INFO  websocket.WebsocketEndPoint - connect to the websocket success......
2017-04-11 12:50:36,458 INFO  service.WebSocketService - 匹配结果---UserMatch{userMatchId='149188623645706', letterQueue=[y, a, k, b, q, w, y, z, j, k, a, d, f, m, q, v, v, r, m, e, u, i, j, v, i, u, o, e, g, b, o, x, k, l, r, w, g, w, q, e, z, x, i, g, l, y, o, z, f, g, a, i, x, q, p, w, f, u, r, s, g, p, e, c, y, z, w, x, i, a, b, m, n, r, y, a, t, r, f, v, y, o, p, n, k, k, s, y, b, b, d, v, q, t, v, o, l, f, v, e], countLetter=100, userWebSocket1=UserWebSocket{userName='213', session=null, state=1, score=0, opponent=null}, userWebSocket2=UserWebSocket{userName='213', session=null, state=1, score=0, opponent=null}}
2017-04-11 13:03:23,994 INFO  websocket.WebsocketEndPoint - websocket connection closed......
2017-04-11 13:03:32,936 INFO  websocket.WebsocketEndPoint - connect to the websocket success......
2017-04-11 13:03:41,450 INFO  websocket.WebsocketEndPoint - websocket connection closed......
2017-04-11 13:03:45,001 INFO  websocket.WebsocketEndPoint - connect to the websocket success......
2017-04-11 13:03:45,001 INFO  service.WebSocketService - 匹配结果---UserMatch{userMatchId='149188702500153', letterQueue=[d, c, j, l, c, b, x, g, f, o, x, b, g, t, w, h, n, t, m, y, n, i, a, x, y, h, d, u, t, a, r, b, d, e, d, x, u, w, r, q, u, p, f, y, x, q, e, c, y, t, j, i, t, w, z, x, m, p, a, d, s, e, k, a, s, l, f, a, b, c, q, b, k, m, d, i, o, t, k, w, r, k, j, z, s, m, o, l, e, r, u, k, r, k, h, b, p, w, y, k], countLetter=100, userWebSocket1=UserWebSocket{userName='dd', session=null, state=1, score=0, opponent=null}, userWebSocket2=UserWebSocket{userName='dd', session=null, state=1, score=0, opponent=null}}
2017-04-11 13:05:03,909 INFO  websocket.WebsocketEndPoint - websocket connection closed......
2017-04-11 13:05:06,577 INFO  websocket.WebsocketEndPoint - connect to the websocket success......
2017-04-11 13:37:57,707 INFO  controller.IndexController - login取得的用户名和密码为：null,null
2017-04-11 13:37:57,752 INFO  websocket.WebsocketEndPoint - websocket connection closed......
2017-04-11 13:38:01,784 INFO  controller.IndexController - login取得的用户名和密码为：null,null
2017-04-11 13:38:16,848 INFO  controller.IndexController - login取得的用户名和密码为：null,null
2017-04-11 14:02:32,691 INFO  controller.IndexController - loginVolidate取得的用户名和密码为：213,2
2017-04-11 14:02:32,748 INFO  impl.AbstractPoolBackedDataSource - Initializing c3p0 pool... com.mchange.v2.c3p0.ComboPooledDataSource [ acquireIncrement -> 3, acquireRetryAttempts -> 30, acquireRetryDelay -> 1000, autoCommitOnClose -> false, automaticTestTable -> null, breakAfterAcquireFailure -> true, checkoutTimeout -> 0, connectionCustomizerClassName -> null, connectionTesterClassName -> com.mchange.v2.c3p0.impl.DefaultConnectionTester, dataSourceName -> 2yy8s19npf0w5ai6m7hz|463f52b3, debugUnreturnedConnectionStackTraces -> false, description -> null, driverClass -> com.mysql.jdbc.Driver, factoryClassLocation -> null, forceIgnoreUnresolvedTransactions -> false, identityToken -> 2yy8s19npf0w5ai6m7hz|463f52b3, idleConnectionTestPeriod -> 60, initialPoolSize -> 10, jdbcUrl -> jdbc:mysql://localhost:3306/type, maxAdministrativeTaskTime -> 0, maxConnectionAge -> 0, maxIdleTime -> 1800, maxIdleTimeExcessConnections -> 0, maxPoolSize -> 100, maxStatements -> 1000, maxStatementsPerConnection -> 0, minPoolSize -> 10, numHelperThreads -> 3, numThreadsAwaitingCheckoutDefaultUser -> 0, preferredTestQuery -> null, properties -> {user=******, password=******}, propertyCycle -> 0, testConnectionOnCheckin -> false, testConnectionOnCheckout -> false, unreturnedConnectionTimeout -> 0, usesTraditionalReflectiveProxies -> false ]
2017-04-11 14:02:32,802 INFO  controller.IndexController - loginVolidate取得的用户名和密码为：213,22
2017-04-11 14:02:34,902 INFO  controller.IndexController - 取得的用户名为：213
2017-04-11 14:02:34,924 INFO  controller.IndexController - login取得的用户名和密码为：213,22
2017-04-11 14:02:49,673 INFO  controller.IndexController - loginVolidate取得的用户名和密码为：dd,d
2017-04-11 14:02:50,803 INFO  controller.IndexController - 取得的用户名为：dd
2017-04-11 14:02:50,827 INFO  controller.IndexController - login取得的用户名和密码为：dd,d
2017-04-11 14:02:53,217 INFO  websocket.WebsocketEndPoint - connect to the websocket success......
2017-04-11 14:03:06,790 INFO  websocket.WebsocketEndPoint - connect to the websocket success......
2017-04-11 14:03:06,793 INFO  service.WebSocketService - 匹配结果---UserMatch{userMatchId='149189058679281', letterQueue=[o, e, p, t, l, e, w, a, u, y, q, x, d, b, i, z, t, y, u, z, b, y, a, c, e, k, k, g, k, n, v, b, w, y, p, p, i, z, a, f, x, f, z, t, z, k, o, i, b, a, l, t, y, x, o, h, a, l, b, c, m, a, h, t, x, d, f, a, f, z, f, s, h, x, q, h, w, a, n, q, z, w, y, y, j, c, w, c, j, p, s, q, e, k, m, i, a, f, i, u], countLetter=100, userWebSocket1=UserWebSocket{userName='dd', session=StandardWebSocketSession[id=0, uri=/websocket], state=1, score=0, opponent=null}, userWebSocket2=UserWebSocket{userName='213', session=StandardWebSocketSession[id=1, uri=/websocket], state=1, score=0, opponent=null}}
2017-04-11 14:03:19,915 INFO  websocket.WebsocketEndPoint - websocket connection closed......
2017-04-11 14:03:20,666 INFO  websocket.WebsocketEndPoint - connect to the websocket success......
2017-04-11 14:03:45,352 INFO  websocket.WebsocketEndPoint - websocket connection closed......
2017-04-11 14:03:49,014 INFO  websocket.WebsocketEndPoint - connect to the websocket success......
2017-04-11 14:03:49,014 INFO  service.WebSocketService - 匹配结果---UserMatch{userMatchId='149189062901498', letterQueue=[j, f, c, w, m, i, m, n, h, w, p, q, n, z, k, y, a, i, k, w, f, s, h, h, j, a, i, j, k, p, j, l, s, l, w, q, g, l, w, v, b, d, i, x, b, w, v, l, j, b, e, s, g, r, c, t, v, r, x, i, b, s, b, z, n, r, q, f, k, t, k, r, f, l, j, a, y, v, p, l, b, v, t, k, m, b, a, q, v, h, t, w, a, g, x, u, r, e, r, s], countLetter=100, userWebSocket1=UserWebSocket{userName='213', session=StandardWebSocketSession[id=2, uri=/websocket], state=1, score=0, opponent=null}, userWebSocket2=UserWebSocket{userName='213', session=StandardWebSocketSession[id=3, uri=/websocket], state=1, score=0, opponent=null}}
2017-04-11 14:04:01,619 INFO  websocket.WebsocketEndPoint - connect to the websocket success......
2017-04-11 14:04:52,183 INFO  websocket.WebsocketEndPoint - websocket connection closed......
2017-04-11 14:04:53,903 INFO  websocket.WebsocketEndPoint - connect to the websocket success......
2017-04-11 14:04:53,904 INFO  service.WebSocketService - 匹配结果---UserMatch{userMatchId='149189069390496', letterQueue=[w, c, a, u, w, m, c, y, e, e, d, y, o, u, x, x, e, g, q, i, c, a, r, a, h, h, s, q, h, n, j, c, h, u, u, k, q, h, d, m, n, d, b, w, h, o, q, n, c, t, j, o, s, b, v, p, k, o, x, b, q, e, t, o, a, l, a, b, k, j, h, p, z, r, i, p, y, l, z, x, s, s, f, b, g, l, f, p, c, o, t, e, i, e, c, d, t, e, d, r], countLetter=100, userWebSocket1=UserWebSocket{userName='213', session=StandardWebSocketSession[id=4, uri=/websocket], state=1, score=0, opponent=null}, userWebSocket2=UserWebSocket{userName='213', session=StandardWebSocketSession[id=5, uri=/websocket], state=1, score=0, opponent=null}}
2017-04-11 14:05:12,614 INFO  websocket.WebsocketEndPoint - websocket connection closed......
2017-04-11 14:05:12,651 INFO  websocket.WebsocketEndPoint - connect to the websocket success......
2017-04-11 14:05:21,305 INFO  websocket.WebsocketEndPoint - websocket connection closed......
2017-04-11 14:05:21,341 INFO  websocket.WebsocketEndPoint - connect to the websocket success......
2017-04-11 14:05:21,341 INFO  service.WebSocketService - 匹配结果---UserMatch{userMatchId='149189072134128', letterQueue=[p, i, n, q, k, t, e, l, t, i, b, r, u, d, q, y, u, x, u, z, j, r, m, n, k, l, i, i, c, k, t, r, b, o, u, o, l, z, t, x, z, q, c, i, c, n, q, y, f, d, v, g, a, l, q, h, z, f, y, f, o, n, n, h, h, m, x, p, o, x, a, x, k, n, f, h, d, c, c, f, j, f, t, j, a, j, f, u, c, i, v, s, p, w, j, h, p, r, a, m], countLetter=100, userWebSocket1=UserWebSocket{userName='213', session=StandardWebSocketSession[id=6, uri=/websocket], state=1, score=0, opponent=null}, userWebSocket2=UserWebSocket{userName='213', session=StandardWebSocketSession[id=7, uri=/websocket], state=1, score=0, opponent=null}}
2017-04-11 14:06:04,778 INFO  websocket.WebsocketEndPoint - websocket connection closed......
2017-04-11 14:06:04,812 INFO  websocket.WebsocketEndPoint - connect to the websocket success......
2017-04-11 14:06:11,370 INFO  websocket.WebsocketEndPoint - websocket connection closed......
2017-04-11 14:06:11,405 INFO  websocket.WebsocketEndPoint - connect to the websocket success......
2017-04-11 14:06:11,406 INFO  service.WebSocketService - 匹配结果---UserMatch{userMatchId='149189077140591', letterQueue=[n, k, g, q, b, d, v, r, n, l, w, h, y, y, z, x, d, l, g, l, e, q, f, y, l, p, j, r, u, j, r, t, w, n, c, q, i, t, l, a, y, c, e, s, d, l, n, d, n, z, a, c, q, j, j, j, m, s, w, z, s, v, r, l, p, a, d, o, q, c, c, s, y, n, x, j, c, k, l, y, z, s, w, i, g, g, y, l, o, o, k, q, f, q, d, v, n, z, g, i], countLetter=100, userWebSocket1=UserWebSocket{userName='213', session=StandardWebSocketSession[id=8, uri=/websocket], state=1, score=0, opponent=null}, userWebSocket2=UserWebSocket{userName='213', session=StandardWebSocketSession[id=9, uri=/websocket], state=1, score=0, opponent=null}}
2017-04-11 14:08:39,026 INFO  websocket.WebsocketEndPoint - connect to the websocket success......
2017-04-11 14:08:42,982 INFO  websocket.WebsocketEndPoint - connect to the websocket success......
2017-04-11 14:08:42,985 INFO  service.WebSocketService - 匹配结果---UserMatch{userMatchId='149189092298521', letterQueue=[u, u, o, a, g, k, g, z, s, k, l, t, y, a, d, u, j, i, k, o, i, e, s, m, r, o, u, q, l, n, h, r, e, j, r, y, a, d, h, o, z, w, b, p, s, h, d, k, w, a, x, y, d, d, r, e, u, t, z, x, u, n, b, c, g, j, t, b, o, y, n, s, o, c, k, c, i, o, s, r, z, e, h, z, w, n, w, c, e, v, w, v, q, p, z, p, e, w, p, v], countLetter=100, userWebSocket1=UserWebSocket{userName='null', session=StandardWebSocketSession[id=0, uri=/websocket], state=1, score=0, opponent=null}, userWebSocket2=UserWebSocket{userName='null', session=StandardWebSocketSession[id=1, uri=/websocket], state=1, score=0, opponent=null}}
2017-04-11 14:09:22,015 INFO  websocket.WebsocketEndPoint - websocket connection closed......
2017-04-11 14:09:22,051 INFO  websocket.WebsocketEndPoint - connect to the websocket success......
2017-04-11 14:09:32,947 INFO  websocket.WebsocketEndPoint - websocket connection closed......
2017-04-11 14:09:32,984 INFO  websocket.WebsocketEndPoint - connect to the websocket success......
2017-04-11 14:09:32,984 INFO  service.WebSocketService - 匹配结果---UserMatch{userMatchId='149189097298454', letterQueue=[o, d, w, y, z, u, h, e, s, a, l, k, k, e, k, k, a, b, z, s, b, v, p, d, j, b, w, t, j, s, n, z, x, c, n, f, c, r, w, b, j, m, z, o, a, i, l, m, c, p, n, v, b, d, b, p, d, k, e, g, r, g, h, p, w, j, j, l, f, c, d, m, u, w, n, k, l, m, b, x, x, z, x, w, t, l, y, k, r, l, q, f, o, g, a, d, u, w, j, z], countLetter=100, userWebSocket1=UserWebSocket{userName='null', session=StandardWebSocketSession[id=2, uri=/websocket], state=1, score=0, opponent=null}, userWebSocket2=UserWebSocket{userName='null', session=StandardWebSocketSession[id=3, uri=/websocket], state=1, score=0, opponent=null}}
2017-04-11 14:09:37,170 INFO  websocket.WebsocketEndPoint - websocket connection closed......
2017-04-11 14:09:37,208 INFO  websocket.WebsocketEndPoint - connect to the websocket success......
2017-04-11 14:10:06,725 INFO  websocket.WebsocketEndPoint - websocket connection closed......
2017-04-11 14:10:06,761 INFO  websocket.WebsocketEndPoint - connect to the websocket success......
2017-04-11 14:10:06,761 INFO  service.WebSocketService - 匹配结果---UserMatch{userMatchId='149189100676114', letterQueue=[k, l, g, r, i, z, g, t, p, f, k, a, z, t, c, a, a, i, e, d, r, s, n, g, i, e, k, t, w, b, v, l, f, c, f, p, a, o, q, y, m, f, s, b, x, u, n, o, s, h, y, o, q, e, j, s, y, m, h, c, f, f, x, c, j, l, f, t, q, p, b, w, n, m, l, t, u, w, k, x, m, q, i, w, r, b, h, d, m, s, d, e, j, j, m, a, g, t, j, n], countLetter=100, userWebSocket1=UserWebSocket{userName='null', session=StandardWebSocketSession[id=4, uri=/websocket], state=1, score=0, opponent=null}, userWebSocket2=UserWebSocket{userName='null', session=StandardWebSocketSession[id=5, uri=/websocket], state=1, score=0, opponent=null}}
2017-04-11 14:10:44,798 INFO  websocket.WebsocketEndPoint - websocket connection closed......
2017-04-11 14:10:44,838 INFO  websocket.WebsocketEndPoint - connect to the websocket success......
2017-04-11 14:45:38,980 INFO  websocket.WebsocketEndPoint - websocket connection closed......
2017-04-11 14:45:39,017 INFO  websocket.WebsocketEndPoint - connect to the websocket success......
2017-04-11 14:45:39,018 INFO  service.WebSocketService - 匹配结果---UserMatch{userMatchId='149189313901845', letterQueue=[l, e, a, o, a, v, x, q, x, w, c, s, u, x, r, a, n, h, q, s, p, c, w, a, p, z, e, e, q, z, f, j, e, e, e, t, z, n, t, f, f, q, m, d, p, e, r, e, x, s, s, p, q, l, r, r, i, j, z, p, s, l, x, l, o, a, c, g, o, g, t, q, k, z, s, m, j, i, k, y, z, k, a, v, q, x, j, f, h, f, f, m, z, h, b, l, m, i, r, c], countLetter=100, userWebSocket1=UserWebSocket{userName='null', session=StandardWebSocketSession[id=6, uri=/websocket], state=1, score=0, opponent=null}, userWebSocket2=UserWebSocket{userName='null', session=StandardWebSocketSession[id=7, uri=/websocket], state=1, score=0, opponent=null}}
2017-04-11 14:45:41,256 INFO  websocket.WebsocketEndPoint - websocket connection closed......
2017-04-11 14:45:41,289 INFO  websocket.WebsocketEndPoint - connect to the websocket success......
2017-04-11 14:48:21,089 INFO  websocket.WebsocketEndPoint - websocket connection closed......
2017-04-11 14:48:21,124 INFO  websocket.WebsocketEndPoint - connect to the websocket success......
2017-04-11 14:48:21,125 INFO  service.WebSocketService - 匹配结果---UserMatch{userMatchId='149189330112469', letterQueue=[j, w, l, p, h, w, g, s, r, g, u, a, e, l, r, n, s, a, k, l, d, v, x, h, n, c, z, r, h, e, h, s, v, d, i, u, l, v, b, w, c, g, x, e, v, q, z, g, i, r, u, m, r, b, m, k, f, m, u, l, s, p, j, o, k, o, o, d, l, h, z, l, c, e, y, l, x, g, p, h, d, o, f, i, h, m, h, q, t, t, k, q, l, c, o, d, w, u, a, e], countLetter=100, userWebSocket1=UserWebSocket{userName='null', session=StandardWebSocketSession[id=8, uri=/websocket], state=1, score=0, opponent=null}, userWebSocket2=UserWebSocket{userName='null', session=StandardWebSocketSession[id=9, uri=/websocket], state=1, score=0, opponent=null}}
2017-04-11 14:48:29,933 INFO  websocket.WebsocketEndPoint - websocket connection closed......
2017-04-11 14:48:29,967 INFO  websocket.WebsocketEndPoint - connect to the websocket success......
2017-04-11 14:54:42,382 INFO  websocket.WebsocketEndPoint - websocket connection closed......
2017-04-11 14:54:42,416 INFO  websocket.WebsocketEndPoint - connect to the websocket success......
2017-04-11 14:54:42,417 INFO  service.WebSocketService - 匹配结果---UserMatch{userMatchId='149189368241790', letterQueue=[i, g, c, t, j, t, c, o, l, v, s, z, p, b, n, p, g, t, s, g, a, a, j, x, p, w, c, c, b, r, o, v, y, t, g, f, d, p, v, v, d, v, r, n, m, d, j, e, h, u, o, e, w, m, a, c, p, v, o, c, r, b, q, e, a, s, d, u, o, s, g, t, g, g, s, c, i, l, i, e, q, f, q, y, w, v, r, c, n, v, x, p, m, h, x, b, m, p, b, x], countLetter=100, userWebSocket1=UserWebSocket{userName='null', session=StandardWebSocketSession[id=a, uri=/websocket], state=1, score=0, opponent=null}, userWebSocket2=UserWebSocket{userName='null', session=StandardWebSocketSession[id=b, uri=/websocket], state=1, score=0, opponent=null}}
2017-04-11 14:55:02,247 INFO  websocket.WebsocketEndPoint - websocket connection closed......
2017-04-11 14:55:02,283 INFO  websocket.WebsocketEndPoint - connect to the websocket success......
2017-04-11 15:56:07,133 INFO  websocket.WebsocketEndPoint - websocket connection closed......
2017-04-11 16:23:52,505 INFO  websocket.WebsocketEndPoint - websocket connection closed......
2017-04-11 16:23:52,541 INFO  websocket.WebsocketEndPoint - connect to the websocket success......
2017-04-11 16:23:52,542 INFO  service.WebSocketService - 匹配结果---UserMatch{userMatchId='149189903254155', letterQueue=[h, i, a, t, d, m, g, z, w, g, n, x, x, m, a, p, h, j, s, q, k, r, b, a, d, f, j, m, a, q, a, w, q, t, w, l, f, r, c, a, o, j, o, f, v, j, x, g, r, n, k, o, a, s, z, r, w, p, u, t, s, a, y, b, t, l, a, o, p, g, m, o, s, k, j, m, k, u, w, e, e, h, n, l, d, l, i, f, z, y, c, s, k, i, p, t, m, l, e, a], countLetter=100, userWebSocket1=UserWebSocket{userName='null', session=StandardWebSocketSession[id=c, uri=/websocket], state=1, score=0, opponent=null}, userWebSocket2=UserWebSocket{userName='null', session=StandardWebSocketSession[id=d, uri=/websocket], state=1, score=0, opponent=null}}
2017-04-11 16:23:54,267 INFO  websocket.WebsocketEndPoint - websocket connection closed......
2017-04-11 16:25:49,914 INFO  controller.IndexController - 取得的用户名为：222222
2017-04-11 16:25:49,969 INFO  impl.AbstractPoolBackedDataSource - Initializing c3p0 pool... com.mchange.v2.c3p0.ComboPooledDataSource [ acquireIncrement -> 3, acquireRetryAttempts -> 30, acquireRetryDelay -> 1000, autoCommitOnClose -> false, automaticTestTable -> null, breakAfterAcquireFailure -> true, checkoutTimeout -> 0, connectionCustomizerClassName -> null, connectionTesterClassName -> com.mchange.v2.c3p0.impl.DefaultConnectionTester, dataSourceName -> 2yy8s19npf8t151dv01qb|53022134, debugUnreturnedConnectionStackTraces -> false, description -> null, driverClass -> com.mysql.jdbc.Driver, factoryClassLocation -> null, forceIgnoreUnresolvedTransactions -> false, identityToken -> 2yy8s19npf8t151dv01qb|53022134, idleConnectionTestPeriod -> 60, initialPoolSize -> 10, jdbcUrl -> jdbc:mysql://localhost:3306/type, maxAdministrativeTaskTime -> 0, maxConnectionAge -> 0, maxIdleTime -> 1800, maxIdleTimeExcessConnections -> 0, maxPoolSize -> 100, maxStatements -> 1000, maxStatementsPerConnection -> 0, minPoolSize -> 10, numHelperThreads -> 3, numThreadsAwaitingCheckoutDefaultUser -> 0, preferredTestQuery -> null, properties -> {user=******, password=******}, propertyCycle -> 0, testConnectionOnCheckin -> false, testConnectionOnCheckout -> false, unreturnedConnectionTimeout -> 0, usesTraditionalReflectiveProxies -> false ]
2017-04-11 16:25:54,271 INFO  controller.IndexController - 取得的用户名为：222222
2017-04-11 16:25:55,464 INFO  controller.IndexController - loginVolidate取得的用户名和密码为：222222,3
2017-04-11 16:25:57,944 INFO  controller.IndexController - loginVolidate取得的用户名和密码为：222222,2
2017-04-11 16:25:58,700 INFO  controller.IndexController - loginVolidate取得的用户名和密码为：222222,22
2017-04-11 16:25:59,200 INFO  controller.IndexController - loginVolidate取得的用户名和密码为：222222,222
2017-04-11 16:26:01,432 INFO  controller.IndexController - loginVolidate取得的用户名和密码为：222222,22
2017-04-11 16:26:01,583 INFO  controller.IndexController - loginVolidate取得的用户名和密码为：222222,2
2017-04-11 16:26:02,192 INFO  controller.IndexController - loginVolidate取得的用户名和密码为：222222,1
2017-04-11 16:26:02,344 INFO  controller.IndexController - loginVolidate取得的用户名和密码为：222222,11
2017-04-11 16:26:02,495 INFO  controller.IndexController - loginVolidate取得的用户名和密码为：222222,111
2017-04-11 16:26:03,999 INFO  controller.IndexController - login取得的用户名和密码为：222222,111
2017-04-11 16:26:07,288 INFO  websocket.WebsocketEndPoint - connect to the websocket success......
2017-04-11 16:26:09,538 INFO  websocket.WebsocketEndPoint - websocket connection closed......
2017-04-11 16:26:12,192 INFO  websocket.WebsocketEndPoint - connect to the websocket success......
2017-04-11 16:26:12,192 INFO  service.WebSocketService - 匹配结果---UserMatch{userMatchId='149189917219228', letterQueue=[d, u, n, l, o, f, u, v, p, w, f, l, p, u, n, b, u, q, w, p, s, l, j, i, v, z, i, n, a, p, o, h, g, f, c, y, y, g, w, l, j, n, b, y, b, z, j, e, u, d, w, w, b, o, s, b, t, i, o, w, r, b, d, r, y, j, x, r, z, b, q, e, i, q, b, l, m, j, t, o, f, p, n, v, z, r, g, a, p, f, h, r, z, j, g, x, t, l, t, z], countLetter=100, userWebSocket1=UserWebSocket{userName='222222', session=StandardWebSocketSession[id=e, uri=/websocket], state=1, score=0, opponent=null}, userWebSocket2=UserWebSocket{userName='222222', session=StandardWebSocketSession[id=f, uri=/websocket], state=1, score=0, opponent=null}}
2017-04-11 16:26:29,583 INFO  controller.IndexController - 取得的用户名为：d
2017-04-11 16:26:29,827 INFO  controller.IndexController - 取得的用户名为：dd
2017-04-11 16:26:30,663 INFO  controller.IndexController - loginVolidate取得的用户名和密码为：dd,d
2017-04-11 16:26:31,613 INFO  controller.IndexController - login取得的用户名和密码为：dd,d
2017-04-11 16:26:34,957 INFO  websocket.WebsocketEndPoint - connect to the websocket success......
2017-04-11 16:38:51,398 INFO  websocket.WebsocketEndPoint - websocket connection closed......
2017-04-11 16:38:51,399 INFO  websocket.WebsocketEndPoint - websocket connection closed......
