2017-04-13 09:10:57,762 INFO  interceptor.LoginInterceptor - 用户未登录需要登录！
2017-04-13 09:10:57,765 INFO  interceptor.LoginInterceptor - 用户未登录需要登录！
2017-04-13 09:10:57,852 INFO  interceptor.LoginInterceptor - 用户未登录需要登录！
2017-04-13 09:10:57,858 INFO  interceptor.LoginInterceptor - 用户未登录需要登录！
2017-04-13 09:10:59,681 INFO  interceptor.LoginInterceptor - 用户未登录需要登录！
2017-04-13 09:11:00,848 INFO  interceptor.LoginInterceptor - 用户未登录需要登录！
2017-04-13 09:11:01,017 INFO  interceptor.LoginInterceptor - 用户未登录需要登录！
2017-04-13 09:11:01,385 INFO  interceptor.LoginInterceptor - 用户未登录需要登录！
2017-04-13 09:11:10,536 INFO  interceptor.LoginInterceptor - 用户未登录需要登录！
2017-04-13 09:11:11,578 INFO  interceptor.LoginInterceptor - 用户未登录需要登录！
2017-04-13 09:11:11,800 INFO  interceptor.LoginInterceptor - 用户未登录需要登录！
2017-04-13 09:11:12,105 INFO  interceptor.LoginInterceptor - 用户未登录需要登录！
2017-04-13 09:11:29,562 INFO  interceptor.LoginInterceptor - 用户未登录需要登录！
2017-04-13 09:11:29,564 INFO  interceptor.LoginInterceptor - 用户未登录需要登录！
2017-04-13 09:11:29,572 INFO  interceptor.LoginInterceptor - 用户未登录需要登录！
2017-04-13 09:11:29,579 INFO  interceptor.LoginInterceptor - 用户未登录需要登录！
2017-04-13 09:11:29,722 INFO  interceptor.LoginInterceptor - 用户未登录需要登录！
2017-04-13 09:11:29,770 INFO  interceptor.LoginInterceptor - 用户未登录需要登录！
2017-04-13 09:11:31,192 INFO  interceptor.LoginInterceptor - 用户未登录需要登录！
2017-04-13 09:11:31,231 INFO  interceptor.LoginInterceptor - 用户未登录需要登录！
2017-04-13 09:11:31,304 INFO  interceptor.LoginInterceptor - 用户未登录需要登录！
2017-04-13 11:41:21,990 INFO  controller.IndexController - 取得的用户名为：7
2017-04-13 11:41:21,990 INFO  controller.IndexController - 取得的用户名为：76
2017-04-13 11:41:22,056 INFO  impl.AbstractPoolBackedDataSource - Initializing c3p0 pool... com.mchange.v2.c3p0.ComboPooledDataSource [ acquireIncrement -> 3, acquireRetryAttempts -> 30, acquireRetryDelay -> 1000, autoCommitOnClose -> false, automaticTestTable -> null, breakAfterAcquireFailure -> true, checkoutTimeout -> 0, connectionCustomizerClassName -> null, connectionTesterClassName -> com.mchange.v2.c3p0.impl.DefaultConnectionTester, dataSourceName -> 2yy8s19ns4uzts1qz9wit|33120277, debugUnreturnedConnectionStackTraces -> false, description -> null, driverClass -> com.mysql.jdbc.Driver, factoryClassLocation -> null, forceIgnoreUnresolvedTransactions -> false, identityToken -> 2yy8s19ns4uzts1qz9wit|33120277, idleConnectionTestPeriod -> 60, initialPoolSize -> 10, jdbcUrl -> jdbc:mysql://localhost:3306/type, maxAdministrativeTaskTime -> 0, maxConnectionAge -> 0, maxIdleTime -> 1800, maxIdleTimeExcessConnections -> 0, maxPoolSize -> 100, maxStatements -> 1000, maxStatementsPerConnection -> 0, minPoolSize -> 10, numHelperThreads -> 3, numThreadsAwaitingCheckoutDefaultUser -> 0, preferredTestQuery -> null, properties -> {user=******, password=******}, propertyCycle -> 0, testConnectionOnCheckin -> false, testConnectionOnCheckout -> false, unreturnedConnectionTimeout -> 0, usesTraditionalReflectiveProxies -> false ]
2017-04-13 11:41:22,496 INFO  controller.IndexController - 取得的用户名为：767
2017-04-13 11:41:22,548 INFO  controller.IndexController - 取得的用户名为：7678
2017-04-13 11:41:22,669 INFO  controller.IndexController - 取得的用户名为：76786
2017-04-13 11:41:23,131 INFO  controller.IndexController - 取得的用户名为：767865
2017-04-13 11:41:23,315 INFO  controller.IndexController - 取得的用户名为：7678656
2017-04-13 11:41:25,210 INFO  controller.IndexController - 取得的用户名为：767865
2017-04-13 11:41:25,715 INFO  controller.IndexController - 取得的用户名为：76786
2017-04-13 11:41:25,802 INFO  controller.IndexController - 取得的用户名为：7678
2017-04-13 11:41:25,884 INFO  controller.IndexController - 取得的用户名为：767
2017-04-13 11:41:25,971 INFO  controller.IndexController - 取得的用户名为：76
2017-04-13 11:41:26,055 INFO  controller.IndexController - 取得的用户名为：7
2017-04-13 11:41:26,627 INFO  controller.IndexController - 取得的用户名为：2
2017-04-13 11:41:26,778 INFO  controller.IndexController - 取得的用户名为：22
2017-04-13 11:41:26,942 INFO  controller.IndexController - 取得的用户名为：222
2017-04-13 11:41:27,076 INFO  controller.IndexController - 取得的用户名为：2222
2017-04-13 11:41:27,226 INFO  controller.IndexController - 取得的用户名为：22222
2017-04-13 11:41:27,378 INFO  controller.IndexController - 取得的用户名为：222222
2017-04-13 11:41:29,442 INFO  controller.IndexController - 取得的用户名为：222222
2017-04-13 11:41:30,774 INFO  controller.IndexController - 取得的用户名为：2222227
2017-04-13 11:41:50,583 INFO  controller.IndexController - loginVolidate取得的用户名和密码为：222222,1
2017-04-13 11:41:50,827 INFO  controller.IndexController - loginVolidate取得的用户名和密码为：222222,11
2017-04-13 11:41:51,011 INFO  controller.IndexController - loginVolidate取得的用户名和密码为：222222,111
2017-04-13 11:41:51,737 INFO  controller.IndexController - 取得的用户名为：222222
2017-04-13 11:41:51,753 INFO  controller.IndexController - login取得的用户名和密码为：222222,111
2017-04-13 11:42:02,677 INFO  controller.IndexController - login取得的用户名和密码为：null,null
2017-04-13 11:49:53,535 INFO  interceptor.LoginInterceptor - 用户未登录需要登录！
2017-04-13 11:49:53,535 INFO  interceptor.LoginInterceptor - 用户未登录需要登录！
2017-04-13 11:49:53,542 INFO  interceptor.LoginInterceptor - 用户未登录需要登录！
2017-04-13 11:49:53,542 INFO  interceptor.LoginInterceptor - 用户未登录需要登录！
2017-04-13 11:50:51,909 INFO  interceptor.LoginInterceptor - 用户未登录需要登录！
2017-04-13 11:50:52,335 INFO  interceptor.LoginInterceptor - 用户未登录需要登录！
2017-04-13 11:50:53,305 INFO  interceptor.LoginInterceptor - 用户未登录需要登录！
2017-04-13 11:50:54,844 INFO  interceptor.LoginInterceptor - 用户未登录需要登录！
2017-04-13 11:50:55,931 INFO  interceptor.LoginInterceptor - 用户未登录需要登录！
2017-04-13 11:50:56,162 INFO  interceptor.LoginInterceptor - 用户未登录需要登录！
2017-04-13 11:50:56,299 INFO  interceptor.LoginInterceptor - 用户未登录需要登录！
2017-04-13 11:50:58,091 INFO  interceptor.LoginInterceptor - 用户未登录需要登录！
2017-04-13 11:51:14,741 INFO  interceptor.LoginInterceptor - 用户未登录需要登录！
2017-04-13 11:51:20,353 INFO  interceptor.LoginInterceptor - 用户未登录需要登录！
2017-04-13 12:01:44,227 INFO  interceptor.LoginInterceptor - 用户未登录需要登录！
2017-04-13 12:01:44,233 INFO  interceptor.LoginInterceptor - 用户未登录需要登录！
2017-04-13 12:01:44,336 INFO  interceptor.LoginInterceptor - 用户未登录需要登录！
2017-04-13 12:01:45,130 INFO  interceptor.LoginInterceptor - 用户未登录需要登录！
2017-04-13 12:01:45,224 INFO  interceptor.LoginInterceptor - 用户未登录需要登录！
2017-04-13 12:01:54,313 INFO  interceptor.LoginInterceptor - 用户未登录需要登录！
2017-04-13 12:01:54,496 INFO  interceptor.LoginInterceptor - 用户未登录需要登录！
2017-04-13 12:01:54,697 INFO  interceptor.LoginInterceptor - 用户未登录需要登录！
2017-04-13 12:01:54,872 INFO  interceptor.LoginInterceptor - 用户未登录需要登录！
2017-04-13 12:01:56,480 INFO  interceptor.LoginInterceptor - 用户未登录需要登录！
2017-04-13 12:01:56,600 INFO  interceptor.LoginInterceptor - 用户未登录需要登录！
2017-04-13 12:01:56,936 INFO  interceptor.LoginInterceptor - 用户未登录需要登录！
2017-04-13 12:01:57,072 INFO  interceptor.LoginInterceptor - 用户未登录需要登录！
2017-04-13 12:01:57,173 INFO  interceptor.LoginInterceptor - 用户未登录需要登录！
2017-04-13 12:01:57,240 INFO  interceptor.LoginInterceptor - 用户未登录需要登录！
2017-04-13 12:02:51,404 INFO  interceptor.LoginInterceptor - 用户未登录需要登录！
2017-04-13 12:02:51,430 INFO  interceptor.LoginInterceptor - 用户未登录需要登录！
2017-04-13 12:02:57,064 INFO  interceptor.LoginInterceptor - 用户未登录需要登录！
2017-04-13 12:02:57,091 INFO  interceptor.LoginInterceptor - 用户未登录需要登录！
2017-04-13 12:03:11,071 INFO  interceptor.LoginInterceptor - 用户未登录需要登录！
2017-04-13 12:03:11,098 INFO  interceptor.LoginInterceptor - 用户未登录需要登录！
2017-04-13 12:03:43,755 INFO  interceptor.LoginInterceptor - 用户未登录需要登录！
2017-04-13 12:03:43,756 INFO  interceptor.LoginInterceptor - 用户未登录需要登录！
2017-04-13 12:03:43,756 INFO  interceptor.LoginInterceptor - 用户未登录需要登录！
2017-04-13 12:03:43,756 INFO  interceptor.LoginInterceptor - 用户未登录需要登录！
2017-04-13 12:03:43,757 INFO  interceptor.LoginInterceptor - 用户未登录需要登录！
2017-04-13 12:03:43,757 INFO  interceptor.LoginInterceptor - 用户未登录需要登录！
2017-04-13 12:03:43,768 INFO  interceptor.LoginInterceptor - 用户未登录需要登录！
2017-04-13 12:03:51,156 INFO  interceptor.LoginInterceptor - 用户未登录需要登录！
2017-04-13 12:03:51,156 INFO  interceptor.LoginInterceptor - 用户未登录需要登录！
2017-04-13 12:03:51,156 INFO  interceptor.LoginInterceptor - 用户未登录需要登录！
2017-04-13 12:03:51,156 INFO  interceptor.LoginInterceptor - 用户未登录需要登录！
2017-04-13 12:03:51,156 INFO  interceptor.LoginInterceptor - 用户未登录需要登录！
2017-04-13 12:03:51,157 INFO  interceptor.LoginInterceptor - 用户未登录需要登录！
2017-04-13 12:03:51,168 INFO  interceptor.LoginInterceptor - 用户未登录需要登录！
2017-04-13 12:04:01,543 INFO  interceptor.LoginInterceptor - 用户未登录需要登录！
2017-04-13 12:04:01,543 INFO  interceptor.LoginInterceptor - 用户未登录需要登录！
2017-04-13 12:04:01,543 INFO  interceptor.LoginInterceptor - 用户未登录需要登录！
2017-04-13 12:04:01,544 INFO  interceptor.LoginInterceptor - 用户未登录需要登录！
2017-04-13 12:04:01,544 INFO  interceptor.LoginInterceptor - 用户未登录需要登录！
2017-04-13 12:04:01,545 INFO  interceptor.LoginInterceptor - 用户未登录需要登录！
2017-04-13 12:04:01,556 INFO  interceptor.LoginInterceptor - 用户未登录需要登录！
2017-04-13 15:40:47,462 INFO  interceptor.LoginInterceptor - 用户未登录需要登录！
2017-04-13 15:40:47,462 INFO  interceptor.LoginInterceptor - 用户未登录需要登录！
2017-04-13 15:40:47,468 INFO  interceptor.LoginInterceptor - 用户未登录需要登录！
2017-04-13 15:40:47,468 INFO  interceptor.LoginInterceptor - 用户未登录需要登录！
2017-04-13 15:41:14,180 INFO  interceptor.LoginInterceptor - 用户未登录需要登录！
2017-04-13 15:41:14,181 INFO  interceptor.LoginInterceptor - 用户未登录需要登录！
2017-04-13 15:41:14,181 INFO  interceptor.LoginInterceptor - 用户未登录需要登录！
2017-04-13 15:41:14,181 INFO  interceptor.LoginInterceptor - 用户未登录需要登录！
2017-04-13 15:41:14,182 INFO  interceptor.LoginInterceptor - 用户未登录需要登录！
2017-04-13 15:41:14,184 INFO  interceptor.LoginInterceptor - 用户未登录需要登录！
2017-04-13 15:41:14,187 INFO  interceptor.LoginInterceptor - 用户未登录需要登录！
2017-04-13 15:41:22,571 INFO  interceptor.LoginInterceptor - 用户未登录需要登录！
2017-04-13 15:41:22,571 INFO  interceptor.LoginInterceptor - 用户未登录需要登录！
2017-04-13 15:41:22,571 INFO  interceptor.LoginInterceptor - 用户未登录需要登录！
2017-04-13 15:41:22,571 INFO  interceptor.LoginInterceptor - 用户未登录需要登录！
2017-04-13 15:41:22,571 INFO  interceptor.LoginInterceptor - 用户未登录需要登录！
2017-04-13 15:41:22,571 INFO  interceptor.LoginInterceptor - 用户未登录需要登录！
2017-04-13 15:41:22,576 INFO  interceptor.LoginInterceptor - 用户未登录需要登录！
2017-04-13 15:41:27,363 INFO  interceptor.LoginInterceptor - 用户未登录需要登录！
2017-04-13 15:41:27,363 INFO  interceptor.LoginInterceptor - 用户未登录需要登录！
2017-04-13 15:41:27,363 INFO  interceptor.LoginInterceptor - 用户未登录需要登录！
2017-04-13 15:41:27,363 INFO  interceptor.LoginInterceptor - 用户未登录需要登录！
2017-04-13 15:41:27,363 INFO  interceptor.LoginInterceptor - 用户未登录需要登录！
2017-04-13 15:41:27,363 INFO  interceptor.LoginInterceptor - 用户未登录需要登录！
2017-04-13 15:41:27,368 INFO  interceptor.LoginInterceptor - 用户未登录需要登录！
2017-04-13 16:31:39,692 INFO  interceptor.LoginInterceptor - 用户未登录需要登录！
2017-04-13 16:31:39,692 INFO  interceptor.LoginInterceptor - 用户未登录需要登录！
2017-04-13 16:31:39,698 INFO  interceptor.LoginInterceptor - 用户未登录需要登录！
2017-04-13 16:32:07,884 INFO  interceptor.LoginInterceptor - 用户未登录需要登录！
2017-04-13 16:32:07,884 INFO  interceptor.LoginInterceptor - 用户未登录需要登录！
2017-04-13 16:32:07,889 INFO  interceptor.LoginInterceptor - 用户未登录需要登录！
2017-04-13 16:32:34,640 INFO  impl.AbstractPoolBackedDataSource - Initializing c3p0 pool... com.mchange.v2.c3p0.ComboPooledDataSource [ acquireIncrement -> 3, acquireRetryAttempts -> 30, acquireRetryDelay -> 1000, autoCommitOnClose -> false, automaticTestTable -> null, breakAfterAcquireFailure -> true, checkoutTimeout -> 0, connectionCustomizerClassName -> null, connectionTesterClassName -> com.mchange.v2.c3p0.impl.DefaultConnectionTester, dataSourceName -> 2yy8s19nsf7zf1ttt0qn|6666b3ac, debugUnreturnedConnectionStackTraces -> false, description -> null, driverClass -> com.mysql.jdbc.Driver, factoryClassLocation -> null, forceIgnoreUnresolvedTransactions -> false, identityToken -> 2yy8s19nsf7zf1ttt0qn|6666b3ac, idleConnectionTestPeriod -> 60, initialPoolSize -> 10, jdbcUrl -> jdbc:mysql://localhost:3306/type, maxAdministrativeTaskTime -> 0, maxConnectionAge -> 0, maxIdleTime -> 1800, maxIdleTimeExcessConnections -> 0, maxPoolSize -> 100, maxStatements -> 1000, maxStatementsPerConnection -> 0, minPoolSize -> 10, numHelperThreads -> 3, numThreadsAwaitingCheckoutDefaultUser -> 0, preferredTestQuery -> null, properties -> {user=******, password=******}, propertyCycle -> 0, testConnectionOnCheckin -> false, testConnectionOnCheckout -> false, unreturnedConnectionTimeout -> 0, usesTraditionalReflectiveProxies -> false ]
2017-04-13 16:32:37,623 INFO  controller.IndexController - login取得的用户名和密码为：222222,111
2017-04-13 16:32:56,402 INFO  interceptor.LoginInterceptor - 用户已经登录！
2017-04-13 16:32:56,402 INFO  interceptor.LoginInterceptor - 用户已经登录！
2017-04-13 16:32:56,469 INFO  websocket.WebsocketEndPoint - connect to the websocket success......
2017-04-13 16:33:15,439 INFO  websocket.WebsocketEndPoint - websocket connection closed......
2017-04-13 16:33:15,472 INFO  websocket.WebsocketEndPoint - connect to the websocket success......
2017-04-13 16:33:15,473 INFO  service.WebSocketService - 匹配结果---UserMatch{userMatchId='149207239547347', letterQueue=[start, I, K, J, D, D, Q, C, C, D, U, N, G, F, G, Q, U, J, H, W, X, F, S, F, G, E, V, K, W, B, B, Z, Y, E, W, R, O, K, B, H, O, T, A, O, S, F, I, Y, C, V, O, R, S, M, E, B, T, H, D, V, C, H, X, J, G, V, W, F, S, H, R, K, F, G, V, O, G, J, S, S, U, X, Y, B, K, Z, L, Z, R, V, O, D, T, C, V, Q, V, G, E, V, T], countLetter=101, userWebSocket1=UserWebSocket{userName='222222', session=StandardWebSocketSession[id=0, uri=/websocket], state=1, score=0, opponent=null}, userWebSocket2=UserWebSocket{userName='222222', session=StandardWebSocketSession[id=1, uri=/websocket], state=1, score=0, opponent=null}}
2017-04-13 16:39:36,491 INFO  websocket.WebsocketEndPoint - websocket connection closed......
